TN:
SF:src\bootstrap.ts
FN:65,createContainer
FN:122,dispose
FNF:2
FNH:2
FNDA:24,createContainer
FNDA:15,dispose
DA:1,1
DA:2,1
DA:3,1
DA:4,1
DA:5,1
DA:6,1
DA:7,1
DA:8,1
DA:9,1
DA:10,1
DA:11,1
DA:12,1
DA:13,1
DA:14,1
DA:15,1
DA:16,1
DA:17,1
DA:18,1
DA:19,1
DA:20,1
DA:21,1
DA:22,1
DA:23,1
DA:24,1
DA:25,1
DA:26,1
DA:27,1
DA:28,1
DA:29,1
DA:30,1
DA:31,1
DA:32,1
DA:33,1
DA:34,1
DA:35,1
DA:36,1
DA:37,1
DA:38,1
DA:39,1
DA:40,1
DA:41,1
DA:42,1
DA:43,1
DA:44,1
DA:45,1
DA:46,1
DA:47,1
DA:48,1
DA:49,1
DA:50,1
DA:51,1
DA:52,1
DA:53,1
DA:54,1
DA:55,1
DA:56,1
DA:57,1
DA:58,1
DA:59,1
DA:60,1
DA:61,1
DA:62,1
DA:63,1
DA:64,1
DA:65,24
DA:66,24
DA:67,24
DA:68,24
DA:69,24
DA:70,5
DA:71,5
DA:72,24
DA:73,24
DA:74,24
DA:75,24
DA:76,24
DA:77,24
DA:78,24
DA:79,24
DA:80,24
DA:81,24
DA:82,24
DA:83,24
DA:84,24
DA:85,24
DA:86,24
DA:87,5
DA:88,5
DA:89,24
DA:90,24
DA:91,24
DA:92,5
DA:93,0
DA:94,5
DA:95,5
DA:96,24
DA:97,24
DA:98,24
DA:99,24
DA:100,24
DA:101,24
DA:102,24
DA:103,24
DA:104,24
DA:105,24
DA:106,24
DA:107,24
DA:108,24
DA:109,24
DA:110,24
DA:111,24
DA:112,24
DA:113,24
DA:114,24
DA:115,24
DA:116,24
DA:117,24
DA:118,24
DA:119,24
DA:120,24
DA:121,24
DA:122,24
DA:123,15
DA:124,6
DA:125,6
DA:126,9
DA:127,9
DA:128,9
DA:129,9
DA:130,15
DA:131,5
DA:132,5
DA:133,9
DA:134,9
DA:135,9
DA:136,9
DA:137,9
DA:138,9
DA:139,9
DA:140,24
DA:141,24
LF:141
LH:140
BRDA:65,0,0,24
BRDA:66,1,0,5
BRDA:69,2,0,5
BRDA:77,3,0,19
BRDA:77,4,0,19
BRDA:79,5,0,19
BRDA:79,6,0,19
BRDA:81,7,0,19
BRDA:81,8,0,19
BRDA:86,9,0,5
BRDA:91,10,0,5
BRDA:122,11,0,15
BRDA:123,12,0,6
BRDA:126,13,0,9
BRDA:130,14,0,5
BRDA:133,15,0,9
BRF:16
BRH:16
end_of_record
TN:
SF:src\command-registry.ts
FN:17,<instance_members_initializer>
FN:25,register
FN:34,dispose
FN:43,getCount
FN:52,addDisposable
FNF:5
FNH:5
FNDA:18,<instance_members_initializer>
FNDA:233,register
FNDA:24,dispose
FNDA:15,getCount
FNDA:2,addDisposable
DA:1,1
DA:2,1
DA:3,1
DA:4,1
DA:5,1
DA:6,1
DA:7,1
DA:8,1
DA:9,1
DA:10,1
DA:11,1
DA:12,1
DA:13,1
DA:14,1
DA:15,1
DA:16,1
DA:17,1
DA:18,1
DA:19,1
DA:20,1
DA:21,1
DA:22,1
DA:23,1
DA:24,1
DA:25,1
DA:26,233
DA:27,233
DA:28,233
DA:29,1
DA:30,1
DA:31,1
DA:32,1
DA:33,1
DA:34,1
DA:35,24
DA:36,24
DA:37,24
DA:38,1
DA:39,1
DA:40,1
DA:41,1
DA:42,1
DA:43,1
DA:44,15
DA:45,15
DA:46,1
DA:47,1
DA:48,1
DA:49,1
DA:50,1
DA:51,1
DA:52,1
DA:53,2
DA:54,2
DA:55,1
LF:55
LH:55
BRDA:17,0,0,18
BRDA:25,1,0,233
BRDA:34,2,0,24
BRDA:35,3,0,191
BRDA:43,4,0,15
BRDA:52,5,0,2
BRF:6
BRH:6
end_of_record
TN:
SF:src\error-handler.ts
FN:33,<instance_members_initializer>
FN:38,ErrorHandler
FN:47,getOutputChannel
FN:54,setLogLevel
FN:61,getErrorCount
FN:68,getSessionDuration
FN:75,log
FN:86,shouldLog
FN:104,handleError
FN:132,getUserFriendlyMessage
FN:171,wrap
FN:204,wrapAsync
FN:232,info
FN:239,warn
FN:246,debug
FN:253,logCommandStart
FN:260,logCommandEnd
FN:268,logCommandError
FN:278,logCliResult
FN:295,logValidationResult
FN:306,logPerformance
FN:317,setupGlobalHandlers
FN:329,dispose
FN:342,getErrorHandler
FN:369,withErrorHandling
FN:392,initializeErrorHandler
FNF:26
FNH:26
FNDA:82,<instance_members_initializer>
FNDA:82,ErrorHandler
FNDA:27,getOutputChannel
FNDA:12,setLogLevel
FNDA:5,getErrorCount
FNDA:3,getSessionDuration
FNDA:49,log
FNDA:52,shouldLog
FNDA:23,handleError
FNDA:27,getUserFriendlyMessage
FNDA:4,wrap
FNDA:4,wrapAsync
FNDA:12,info
FNDA:6,warn
FNDA:4,debug
FNDA:1,logCommandStart
FNDA:2,logCommandEnd
FNDA:2,logCommandError
FNDA:4,logCliResult
FNDA:2,logValidationResult
FNDA:2,logPerformance
FNDA:8,setupGlobalHandlers
FNDA:86,dispose
FNDA:34,getErrorHandler
FNDA:9,withErrorHandling
FNDA:7,initializeErrorHandler
DA:1,1
DA:2,1
DA:3,1
DA:4,1
DA:5,1
DA:6,1
DA:7,1
DA:8,1
DA:9,1
DA:10,1
DA:11,1
DA:12,1
DA:13,1
DA:14,1
DA:15,1
DA:16,1
DA:17,1
DA:18,1
DA:19,1
DA:20,1
DA:21,1
DA:22,1
DA:23,1
DA:24,1
DA:25,1
DA:26,1
DA:27,1
DA:28,1
DA:29,1
DA:30,1
DA:31,1
DA:32,1
DA:33,1
DA:34,82
DA:35,82
DA:36,1
DA:37,1
DA:38,1
DA:39,82
DA:40,82
DA:41,82
DA:42,82
DA:43,1
DA:44,1
DA:45,1
DA:46,1
DA:47,1
DA:48,27
DA:49,27
DA:50,1
DA:51,1
DA:52,1
DA:53,1
DA:54,1
DA:55,12
DA:56,12
DA:57,1
DA:58,1
DA:59,1
DA:60,1
DA:61,1
DA:62,5
DA:63,5
DA:64,1
DA:65,1
DA:66,1
DA:67,1
DA:68,1
DA:69,3
DA:70,3
DA:71,1
DA:72,1
DA:73,1
DA:74,1
DA:75,1
DA:76,49
DA:77,48
DA:78,48
DA:79,48
DA:80,48
DA:81,49
DA:82,1
DA:83,1
DA:84,1
DA:85,1
DA:86,1
DA:87,52
DA:88,52
DA:89,52
DA:90,52
DA:91,52
DA:92,52
DA:93,52
DA:94,52
DA:95,1
DA:96,1
DA:97,1
DA:98,1
DA:99,1
DA:100,1
DA:101,1
DA:102,1
DA:103,1
DA:104,1
DA:105,23
DA:106,23
DA:107,23
DA:108,23
DA:109,23
DA:110,23
DA:111,23
DA:112,23
DA:113,23
DA:114,23
DA:115,23
DA:116,23
DA:117,23
DA:118,22
DA:119,22
DA:120,23
DA:121,23
DA:122,23
DA:123,23
DA:124,16
DA:125,16
DA:126,16
DA:127,23
DA:128,1
DA:129,1
DA:130,1
DA:131,1
DA:132,1
DA:133,27
DA:134,27
DA:135,6
DA:136,6
DA:137,21
DA:138,27
DA:139,27
DA:140,27
DA:141,27
DA:142,27
DA:143,27
DA:144,27
DA:145,27
DA:146,27
DA:147,27
DA:148,27
DA:149,27
DA:150,27
DA:151,27
DA:152,27
DA:153,27
DA:154,153
DA:155,9
DA:156,9
DA:157,153
DA:158,12
DA:159,12
DA:160,12
DA:161,12
DA:162,1
DA:163,1
DA:164,1
DA:165,1
DA:166,1
DA:167,1
DA:168,1
DA:169,1
DA:170,1
DA:171,1
DA:172,4
DA:173,4
DA:174,4
DA:175,4
DA:176,4
DA:177,4
DA:178,4
DA:179,4
DA:180,4
DA:181,4
DA:182,4
DA:183,3
DA:184,3
DA:185,3
DA:186,3
DA:187,3
DA:188,1
DA:189,1
DA:190,3
DA:191,3
DA:192,3
DA:193,4
DA:194,4
DA:195,1
DA:196,1
DA:197,1
DA:198,1
DA:199,1
DA:200,1
DA:201,1
DA:202,1
DA:203,1
DA:204,1
DA:205,4
DA:206,4
DA:207,4
DA:208,4
DA:209,4
DA:210,4
DA:211,4
DA:212,4
DA:213,4
DA:214,4
DA:215,4
DA:216,3
DA:217,3
DA:218,3
DA:219,3
DA:220,3
DA:221,1
DA:222,1
DA:223,3
DA:224,3
DA:225,3
DA:226,4
DA:227,4
DA:228,1
DA:229,1
DA:230,1
DA:231,1
DA:232,1
DA:233,12
DA:234,12
DA:235,1
DA:236,1
DA:237,1
DA:238,1
DA:239,1
DA:240,6
DA:241,6
DA:242,1
DA:243,1
DA:244,1
DA:245,1
DA:246,1
DA:247,4
DA:248,4
DA:249,1
DA:250,1
DA:251,1
DA:252,1
DA:253,1
DA:254,1
DA:255,1
DA:256,1
DA:257,1
DA:258,1
DA:259,1
DA:260,1
DA:261,2
DA:262,2
DA:263,2
DA:264,1
DA:265,1
DA:266,1
DA:267,1
DA:268,1
DA:269,2
DA:270,2
DA:271,2
DA:272,2
DA:273,2
DA:274,1
DA:275,1
DA:276,1
DA:277,1
DA:278,1
DA:279,4
DA:280,2
DA:281,2
DA:282,2
DA:283,2
DA:284,1
DA:285,1
DA:286,1
DA:287,1
DA:288,1
DA:289,1
DA:290,4
DA:291,1
DA:292,1
DA:293,1
DA:294,1
DA:295,1
DA:296,2
DA:297,1
DA:298,1
DA:299,1
DA:300,1
DA:301,2
DA:302,1
DA:303,1
DA:304,1
DA:305,1
DA:306,1
DA:307,2
DA:308,1
DA:309,1
DA:310,1
DA:311,1
DA:312,2
DA:313,1
DA:314,1
DA:315,1
DA:316,1
DA:317,1
DA:318,8
DA:319,8
DA:320,8
DA:321,8
DA:322,8
DA:323,8
DA:324,8
DA:325,1
DA:326,1
DA:327,1
DA:328,1
DA:329,1
DA:330,86
DA:331,86
DA:332,1
DA:333,1
DA:334,1
DA:335,1
DA:336,1
DA:337,1
DA:338,1
DA:339,1
DA:340,1
DA:341,1
DA:342,34
DA:343,34
DA:344,1
DA:345,1
DA:346,34
DA:347,34
DA:348,1
DA:349,1
DA:350,1
DA:351,1
DA:352,1
DA:353,1
DA:354,1
DA:355,1
DA:356,1
DA:357,1
DA:358,1
DA:359,1
DA:360,1
DA:361,1
DA:362,1
DA:363,1
DA:364,1
DA:365,1
DA:366,1
DA:367,1
DA:368,1
DA:369,1
DA:370,9
DA:371,9
DA:372,9
DA:373,9
DA:374,9
DA:375,9
DA:376,7
DA:377,7
DA:378,7
DA:379,7
DA:380,7
DA:381,7
DA:382,2
DA:383,2
DA:384,7
DA:385,7
DA:386,9
DA:387,1
DA:388,1
DA:389,1
DA:390,1
DA:391,1
DA:392,7
DA:393,7
DA:394,7
DA:395,7
DA:396,7
DA:397,7
LF:397
LH:397
BRDA:7,0,0,1
BRDA:33,1,0,82
BRDA:38,2,0,82
BRDA:47,3,0,27
BRDA:54,4,0,12
BRDA:61,5,0,5
BRDA:68,6,0,3
BRDA:75,7,0,49
BRDA:76,8,0,48
BRDA:78,9,0,30
BRDA:78,10,0,18
BRDA:86,11,0,52
BRDA:104,12,0,23
BRDA:107,13,0,22
BRDA:107,14,0,1
BRDA:108,15,0,22
BRDA:108,16,0,1
BRDA:112,17,0,15
BRDA:113,18,0,22
BRDA:113,19,0,1
BRDA:117,20,0,22
BRDA:122,21,0,15
BRDA:122,22,0,13
BRDA:123,23,0,16
BRDA:124,24,0,8
BRDA:132,25,0,27
BRDA:134,26,0,6
BRDA:137,27,0,21
BRDA:138,28,0,20
BRDA:138,29,0,1
BRDA:153,30,0,153
BRDA:154,31,0,9
BRDA:158,32,0,12
BRDA:171,33,0,4
BRDA:179,34,0,4
BRDA:182,35,0,3
BRDA:184,36,0,2
BRDA:184,37,0,1
BRDA:187,38,0,2
BRDA:187,39,0,1
BRDA:204,40,0,4
BRDA:212,41,0,4
BRDA:215,42,0,3
BRDA:217,43,0,2
BRDA:217,44,0,1
BRDA:220,45,0,2
BRDA:220,46,0,1
BRDA:232,47,0,12
BRDA:239,48,0,6
BRDA:246,49,0,4
BRDA:253,50,0,1
BRDA:260,51,0,2
BRDA:261,52,0,1
BRDA:261,53,0,1
BRDA:268,54,0,2
BRDA:269,55,0,1
BRDA:269,56,0,1
BRDA:278,57,0,4
BRDA:279,58,0,2
BRDA:279,59,0,2
BRDA:283,60,0,1
BRDA:287,61,0,0
BRDA:295,62,0,2
BRDA:296,63,0,1
BRDA:306,64,0,2
BRDA:307,65,0,1
BRDA:317,66,0,8
BRDA:329,67,0,86
BRDA:342,68,0,34
BRDA:343,69,0,1
BRDA:369,70,0,9
BRDA:375,71,0,7
BRDA:376,72,0,6
BRDA:376,73,0,1
BRDA:381,74,0,2
BRDA:392,75,0,7
BRF:76
BRH:75
end_of_record
TN:
SF:src\commands\move-ticket.ts
FN:15,executeMoveTicket
FNF:1
FNH:1
FNDA:12,executeMoveTicket
DA:1,1
DA:2,1
DA:3,1
DA:4,1
DA:5,1
DA:6,1
DA:7,1
DA:8,1
DA:9,1
DA:10,1
DA:11,1
DA:12,1
DA:13,1
DA:14,1
DA:15,1
DA:16,12
DA:17,12
DA:18,5
DA:19,5
DA:20,5
DA:21,1
DA:22,1
DA:23,1
DA:24,1
DA:25,1
DA:26,1
DA:27,5
DA:28,12
DA:29,12
DA:30,4
DA:31,4
DA:32,4
DA:33,1
DA:34,1
DA:35,1
DA:36,3
DA:37,3
DA:38,3
DA:39,4
DA:40,4
DA:41,4
DA:42,3
DA:43,3
DA:44,3
DA:45,3
DA:46,3
DA:47,3
DA:48,3
DA:49,4
DA:50,2
DA:51,2
DA:52,1
DA:53,1
DA:54,1
DA:55,9
DA:56,9
DA:57,9
DA:58,12
DA:59,1
DA:60,1
DA:61,1
DA:62,8
DA:63,8
DA:64,8
DA:65,12
DA:66,1
DA:67,1
DA:68,1
DA:69,7
DA:70,7
DA:71,7
DA:72,7
DA:73,9
DA:74,9
DA:75,7
DA:76,7
DA:77,7
DA:78,7
DA:79,7
DA:80,7
DA:81,7
DA:82,12
DA:83,2
DA:84,2
DA:85,5
DA:86,5
DA:87,5
DA:88,3
DA:89,12
DA:90,2
DA:91,2
DA:92,2
DA:93,12
LF:93
LH:93
BRDA:15,0,0,12
BRDA:17,1,0,5
BRDA:20,2,0,1
BRDA:29,3,0,4
BRDA:32,4,0,1
BRDA:36,5,0,3
BRDA:49,6,0,2
BRDA:52,7,0,1
BRDA:55,8,0,9
BRDA:58,9,0,1
BRDA:62,10,0,8
BRDA:65,11,0,1
BRDA:69,12,0,7
BRDA:82,13,0,2
BRDA:85,14,0,5
BRDA:88,15,0,3
BRDA:89,16,0,2
BRDA:90,17,0,0
BRDA:38,18,0,4
BRDA:72,19,0,9
BRF:20
BRH:19
end_of_record
TN:
SF:src\commands\new-plan.ts
FN:15,executeNewPlan
FN:21,validateInput
FNF:2
FNH:2
FNDA:15,executeNewPlan
FNDA:3,validateInput
DA:1,1
DA:2,1
DA:3,1
DA:4,1
DA:5,1
DA:6,1
DA:7,1
DA:8,1
DA:9,1
DA:10,1
DA:11,1
DA:12,1
DA:13,1
DA:14,1
DA:15,1
DA:16,15
DA:17,15
DA:18,15
DA:19,15
DA:20,15
DA:21,15
DA:22,3
DA:23,2
DA:24,2
DA:25,1
DA:26,1
DA:27,15
DA:28,15
DA:29,15
DA:30,6
DA:31,6
DA:32,9
DA:33,9
DA:34,9
DA:35,7
DA:36,7
DA:37,7
DA:38,7
DA:39,7
DA:40,7
DA:41,7
DA:42,7
DA:43,15
DA:44,3
DA:45,3
DA:46,3
DA:47,15
LF:47
LH:47
BRDA:15,0,0,15
BRDA:29,1,0,6
BRDA:32,2,0,9
BRDA:35,3,0,7
BRDA:43,4,0,6
BRDA:43,5,0,3
BRDA:44,6,0,0
BRDA:21,7,0,3
BRDA:22,8,0,2
BRDA:22,9,0,2
BRDA:25,10,0,1
BRF:11
BRH:10
end_of_record
TN:
SF:src\commands\new-ticket.ts
FN:15,executeNewTicket
FN:41,validateInput
FNF:2
FNH:2
FNDA:19,executeNewTicket
FNDA:3,validateInput
DA:1,1
DA:2,1
DA:3,1
DA:4,1
DA:5,1
DA:6,1
DA:7,1
DA:8,1
DA:9,1
DA:10,1
DA:11,1
DA:12,1
DA:13,1
DA:14,1
DA:15,1
DA:16,19
DA:17,19
DA:18,19
DA:19,19
DA:20,19
DA:21,19
DA:22,19
DA:23,19
DA:24,19
DA:25,19
DA:26,19
DA:27,19
DA:28,19
DA:29,19
DA:30,19
DA:31,19
DA:32,19
DA:33,3
DA:34,3
DA:35,16
DA:36,16
DA:37,16
DA:38,16
DA:39,16
DA:40,16
DA:41,16
DA:42,3
DA:43,2
DA:44,2
DA:45,1
DA:46,1
DA:47,16
DA:48,16
DA:49,19
DA:50,6
DA:51,6
DA:52,10
DA:53,10
DA:54,10
DA:55,8
DA:56,8
DA:57,8
DA:58,8
DA:59,19
DA:60,7
DA:61,7
DA:62,7
DA:63,7
DA:64,7
DA:65,19
DA:66,2
DA:67,2
DA:68,2
DA:69,19
LF:69
LH:69
BRDA:15,0,0,19
BRDA:32,1,0,3
BRDA:35,2,0,16
BRDA:49,3,0,6
BRDA:52,4,0,10
BRDA:55,5,0,8
BRDA:59,6,0,7
BRDA:65,7,0,2
BRDA:66,8,0,0
BRDA:41,9,0,3
BRDA:42,10,0,2
BRDA:42,11,0,2
BRDA:45,12,0,1
BRF:13
BRH:12
end_of_record
TN:
SF:src\commands\show-dependencies.ts
FN:15,executeShowDependencies
FN:136,buildDependencyChain
FNF:2
FNH:2
FNDA:16,executeShowDependencies
FNDA:17,buildDependencyChain
DA:1,1
DA:2,1
DA:3,1
DA:4,1
DA:5,1
DA:6,1
DA:7,1
DA:8,1
DA:9,1
DA:10,1
DA:11,1
DA:12,1
DA:13,1
DA:14,1
DA:15,1
DA:16,16
DA:17,16
DA:18,16
DA:19,16
DA:20,16
DA:21,16
DA:22,4
DA:23,4
DA:24,4
DA:25,1
DA:26,1
DA:27,1
DA:28,1
DA:29,1
DA:30,1
DA:31,4
DA:32,16
DA:33,16
DA:34,3
DA:35,3
DA:36,3
DA:37,1
DA:38,1
DA:39,1
DA:40,2
DA:41,2
DA:42,2
DA:43,3
DA:44,3
DA:45,3
DA:46,2
DA:47,2
DA:48,2
DA:49,2
DA:50,2
DA:51,2
DA:52,2
DA:53,3
DA:54,1
DA:55,1
DA:56,1
DA:57,1
DA:58,1
DA:59,14
DA:60,14
DA:61,14
DA:62,16
DA:63,1
DA:64,1
DA:65,1
DA:66,13
DA:67,13
DA:68,13
DA:69,13
DA:70,13
DA:71,13
DA:72,13
DA:73,13
DA:74,13
DA:75,13
DA:76,16
DA:77,16
DA:78,16
DA:79,16
DA:80,16
DA:81,16
DA:82,16
DA:83,16
DA:84,16
DA:85,16
DA:86,16
DA:87,16
DA:88,16
DA:89,16
DA:90,16
DA:91,16
DA:92,16
DA:93,16
DA:94,16
DA:95,16
DA:96,16
DA:97,16
DA:98,16
DA:99,16
DA:100,16
DA:101,16
DA:102,16
DA:103,16
DA:104,16
DA:105,16
DA:106,16
DA:107,16
DA:108,16
DA:109,16
DA:110,16
DA:111,16
DA:112,16
DA:113,16
DA:114,16
DA:115,16
DA:116,16
DA:117,16
DA:118,16
DA:119,13
DA:120,13
DA:121,16
DA:122,2
DA:123,2
DA:124,2
DA:125,2
DA:126,2
DA:127,2
DA:128,1
DA:129,1
DA:130,2
DA:131,16
DA:132,1
DA:133,1
DA:134,1
DA:135,1
DA:136,17
DA:137,17
DA:138,17
DA:139,17
DA:140,17
DA:141,17
DA:142,17
DA:143,0
DA:144,0
DA:145,17
DA:146,17
DA:147,17
DA:148,17
DA:149,17
DA:150,17
DA:151,17
DA:152,17
DA:153,17
DA:154,17
DA:155,3
DA:156,3
DA:157,3
DA:158,17
DA:159,17
DA:160,17
DA:161,1
DA:162,1
DA:163,1
DA:164,17
DA:165,17
DA:166,17
LF:166
LH:164
BRDA:15,0,0,16
BRDA:21,1,0,4
BRDA:24,2,0,1
BRDA:33,3,0,3
BRDA:36,4,0,1
BRDA:40,5,0,2
BRDA:53,6,0,1
BRDA:59,7,0,14
BRDA:62,8,0,1
BRDA:66,9,0,13
BRDA:76,10,0,2
BRDA:77,11,0,11
BRDA:81,12,0,1
BRDA:82,13,0,12
BRDA:86,14,0,13
BRDA:87,15,0,0
BRDA:119,16,0,13
BRDA:121,17,0,2
BRDA:121,18,0,2
BRDA:127,19,0,1
BRDA:42,20,0,3
BRDA:76,21,0,3
BRDA:81,22,0,1
BRDA:86,23,0,17
BRDA:136,24,0,17
BRDA:142,25,0,0
BRDA:154,26,0,3
BRDA:160,27,0,1
BRF:28
BRH:26
end_of_record
TN:
SF:src\commands\show-statistics.ts
FN:15,executeShowStatistics
FN:85,calculateByStatus
FN:112,calculateByType
FN:126,calculateByPriority
FN:146,buildAsciiBars
FNF:5
FNH:5
FNDA:22,executeShowStatistics
FNDA:21,calculateByStatus
FNDA:21,calculateByType
FNDA:21,calculateByPriority
FNDA:63,buildAsciiBars
DA:1,1
DA:2,1
DA:3,1
DA:4,1
DA:5,1
DA:6,1
DA:7,1
DA:8,1
DA:9,1
DA:10,1
DA:11,1
DA:12,1
DA:13,1
DA:14,1
DA:15,1
DA:16,22
DA:17,22
DA:18,22
DA:19,1
DA:20,1
DA:21,1
DA:22,21
DA:23,21
DA:24,21
DA:25,21
DA:26,21
DA:27,21
DA:28,21
DA:29,21
DA:30,21
DA:31,21
DA:32,21
DA:33,21
DA:34,21
DA:35,21
DA:36,21
DA:37,21
DA:38,21
DA:39,21
DA:40,21
DA:41,21
DA:42,21
DA:43,21
DA:44,21
DA:45,21
DA:46,21
DA:47,21
DA:48,21
DA:49,21
DA:50,21
DA:51,21
DA:52,21
DA:53,21
DA:54,21
DA:55,21
DA:56,21
DA:57,21
DA:58,21
DA:59,21
DA:60,21
DA:61,21
DA:62,21
DA:63,21
DA:64,21
DA:65,21
DA:66,21
DA:67,21
DA:68,21
DA:69,21
DA:70,21
DA:71,21
DA:72,21
DA:73,21
DA:74,21
DA:75,21
DA:76,22
DA:77,3
DA:78,3
DA:79,3
DA:80,22
DA:81,1
DA:82,1
DA:83,1
DA:84,1
DA:85,21
DA:86,21
DA:87,21
DA:88,21
DA:89,21
DA:90,21
DA:91,21
DA:92,21
DA:93,21
DA:94,21
DA:95,21
DA:96,21
DA:97,21
DA:98,126
DA:99,126
DA:100,21
DA:101,21
DA:102,21
DA:103,41
DA:104,41
DA:105,21
DA:106,21
DA:107,21
DA:108,1
DA:109,1
DA:110,1
DA:111,1
DA:112,21
DA:113,21
DA:114,21
DA:115,21
DA:116,41
DA:117,41
DA:118,41
DA:119,21
DA:120,21
DA:121,21
DA:122,1
DA:123,1
DA:124,1
DA:125,1
DA:126,21
DA:127,21
DA:128,21
DA:129,21
DA:130,21
DA:131,105
DA:132,105
DA:133,21
DA:134,21
DA:135,21
DA:136,41
DA:137,41
DA:138,41
DA:139,21
DA:140,21
DA:141,21
DA:142,1
DA:143,1
DA:144,1
DA:145,1
DA:146,63
DA:147,63
DA:148,63
DA:149,63
DA:150,63
DA:151,63
DA:152,63
DA:153,63
DA:154,262
DA:155,262
DA:156,262
DA:157,262
DA:158,262
DA:159,63
DA:160,63
DA:161,63
LF:161
LH:161
BRDA:15,0,0,22
BRDA:18,1,0,1
BRDA:22,2,0,21
BRDA:76,3,0,3
BRDA:85,4,0,21
BRDA:97,5,0,126
BRDA:102,6,0,41
BRDA:103,7,0,36
BRDA:112,8,0,21
BRDA:115,9,0,41
BRDA:117,10,0,31
BRDA:126,11,0,21
BRDA:130,12,0,105
BRDA:135,13,0,41
BRDA:137,14,0,35
BRDA:146,15,0,63
BRDA:153,16,0,262
BRF:17
BRH:17
end_of_record
TN:
SF:src\constants\ticket-constants.ts
FNF:0
FNH:0
DA:1,1
DA:2,1
DA:3,1
DA:4,1
DA:5,1
DA:6,1
DA:7,1
DA:8,1
DA:9,1
DA:10,1
DA:11,1
DA:12,1
DA:13,1
DA:14,1
DA:15,1
DA:16,1
DA:17,1
DA:18,1
DA:19,1
DA:20,1
DA:21,1
DA:22,1
DA:23,1
DA:24,1
DA:25,1
DA:26,1
DA:27,1
DA:28,1
DA:29,1
DA:30,1
DA:31,1
DA:32,1
DA:33,1
DA:34,1
DA:35,1
DA:36,1
DA:37,1
DA:38,1
DA:39,1
DA:40,1
DA:41,1
DA:42,1
LF:42
LH:42
BRF:0
BRH:0
end_of_record
TN:
SF:src\data\frontmatter-parser.ts
FN:25,parse
FN:55,serialize
FN:76,updateFrontmatter
FN:91,extractFrontmatterRaw
FNF:4
FNH:4
FNDA:380,parse
FNDA:61,serialize
FNDA:4,updateFrontmatter
FNDA:4,extractFrontmatterRaw
DA:1,1
DA:2,1
DA:3,1
DA:4,1
DA:5,1
DA:6,1
DA:7,1
DA:8,1
DA:9,1
DA:10,1
DA:11,1
DA:12,1
DA:13,1
DA:14,1
DA:15,1
DA:16,1
DA:17,1
DA:18,1
DA:19,1
DA:20,1
DA:21,1
DA:22,1
DA:23,1
DA:24,1
DA:25,380
DA:26,380
DA:27,380
DA:28,380
DA:29,5
DA:30,5
DA:31,5
DA:32,5
DA:33,5
DA:34,5
DA:35,375
DA:36,375
DA:37,375
DA:38,375
DA:39,375
DA:40,375
DA:41,375
DA:42,375
DA:43,375
DA:44,375
DA:45,375
DA:46,375
DA:47,1
DA:48,1
DA:49,1
DA:50,1
DA:51,1
DA:52,1
DA:53,1
DA:54,1
DA:55,61
DA:56,61
DA:57,61
DA:58,61
DA:59,61
DA:60,61
DA:61,61
DA:62,61
DA:63,61
DA:64,61
DA:65,61
DA:66,61
DA:67,61
DA:68,1
DA:69,1
DA:70,1
DA:71,1
DA:72,1
DA:73,1
DA:74,1
DA:75,1
DA:76,4
DA:77,4
DA:78,4
DA:79,4
DA:80,4
DA:81,4
DA:82,4
DA:83,4
DA:84,1
DA:85,1
DA:86,1
DA:87,1
DA:88,1
DA:89,1
DA:90,1
DA:91,4
DA:92,4
DA:93,4
DA:94,2
DA:95,2
DA:96,2
DA:97,2
LF:97
LH:97
BRDA:25,0,0,380
BRDA:28,1,0,5
BRDA:35,2,0,375
BRDA:55,3,0,61
BRDA:76,4,0,4
BRDA:91,5,0,4
BRDA:93,6,0,2
BRF:7
BRH:7
end_of_record
TN:
SF:src\data\types.ts
FNF:0
FNH:0
DA:1,1
DA:2,1
DA:3,1
DA:4,1
DA:5,1
DA:6,1
DA:7,1
DA:8,1
DA:9,1
DA:10,1
DA:11,1
DA:12,1
DA:13,1
DA:14,1
DA:15,1
DA:16,1
DA:17,1
DA:18,1
DA:19,1
DA:20,1
DA:21,1
DA:22,1
DA:23,1
DA:24,1
DA:25,1
DA:26,1
DA:27,1
DA:28,1
DA:29,1
DA:30,1
DA:31,1
DA:32,1
DA:33,1
DA:34,1
DA:35,1
DA:36,1
DA:37,1
DA:38,1
DA:39,1
DA:40,1
DA:41,1
DA:42,1
DA:43,1
DA:44,1
DA:45,1
DA:46,1
DA:47,1
DA:48,1
DA:49,1
DA:50,1
DA:51,1
DA:52,1
DA:53,1
DA:54,1
DA:55,1
DA:56,1
DA:57,1
DA:58,1
DA:59,1
DA:60,1
DA:61,1
DA:62,1
DA:63,1
DA:64,1
DA:65,1
DA:66,1
DA:67,1
DA:68,1
DA:69,1
DA:70,1
DA:71,1
DA:72,1
DA:73,1
DA:74,1
DA:75,1
DA:76,1
DA:77,1
DA:78,1
DA:79,1
DA:80,1
DA:81,1
DA:82,1
DA:83,1
DA:84,1
DA:85,1
DA:86,1
DA:87,1
DA:88,1
DA:89,1
DA:90,1
DA:91,1
DA:92,1
DA:93,1
DA:94,1
DA:95,1
DA:96,1
DA:97,1
DA:98,1
DA:99,1
DA:100,1
DA:101,1
DA:102,1
DA:103,1
DA:104,1
DA:105,1
DA:106,1
DA:107,1
DA:108,1
DA:109,1
DA:110,1
DA:111,1
DA:112,1
DA:113,1
DA:114,1
DA:115,1
DA:116,1
DA:117,1
DA:118,1
DA:119,1
DA:120,1
DA:121,1
DA:122,1
DA:123,1
DA:124,1
DA:125,1
DA:126,1
DA:127,1
DA:128,1
DA:129,1
DA:130,1
DA:131,1
DA:132,1
DA:133,1
DA:134,1
DA:135,1
DA:136,1
DA:137,1
DA:138,1
DA:139,1
DA:140,1
DA:141,1
DA:142,1
DA:143,1
DA:144,1
DA:145,1
DA:146,1
DA:147,1
DA:148,1
DA:149,1
DA:150,1
DA:151,1
DA:152,1
DA:153,1
DA:154,1
DA:155,1
DA:156,1
DA:157,1
DA:158,1
DA:159,1
DA:160,1
DA:161,1
DA:162,1
DA:163,1
DA:164,1
DA:165,1
DA:166,1
DA:167,1
DA:168,1
DA:169,1
DA:170,1
DA:171,1
DA:172,1
DA:173,1
DA:174,1
DA:175,1
DA:176,1
DA:177,1
DA:178,1
DA:179,1
DA:180,1
DA:181,1
DA:182,1
DA:183,1
DA:184,1
DA:185,1
LF:185
LH:185
BRDA:9,0,0,1
BRDA:21,1,0,1
BRF:2
BRH:2
end_of_record
TN:
SF:src\schemas\config-schema.ts
FNF:0
FNH:0
DA:1,1
DA:2,1
DA:3,1
DA:4,1
DA:5,1
DA:6,1
DA:7,1
DA:8,1
DA:9,1
DA:10,1
DA:11,1
DA:12,1
DA:13,1
DA:14,1
DA:15,1
DA:16,1
DA:17,1
DA:18,1
DA:19,1
DA:20,1
DA:21,1
DA:22,1
DA:23,1
DA:24,1
LF:24
LH:24
BRF:0
BRH:0
end_of_record
TN:
SF:src\schemas\index.ts
FN:1,get
FN:2,get
FNF:2
FNH:2
FNDA:138,get
FNDA:158,get
DA:1,1
DA:2,1
LF:2
LH:2
BRDA:1,0,0,138
BRDA:2,1,0,158
BRF:2
BRH:2
end_of_record
TN:
SF:src\schemas\pipeline-schema.ts
FNF:0
FNH:0
DA:1,1
DA:2,1
DA:3,1
DA:4,1
DA:5,1
DA:6,1
DA:7,1
DA:8,1
DA:9,1
DA:10,1
DA:11,1
DA:12,1
DA:13,1
DA:14,1
DA:15,1
DA:16,1
DA:17,1
DA:18,1
DA:19,1
DA:20,1
DA:21,1
DA:22,1
DA:23,1
DA:24,1
DA:25,1
DA:26,1
DA:27,1
DA:28,1
DA:29,1
DA:30,1
DA:31,1
DA:32,1
DA:33,1
DA:34,1
DA:35,1
DA:36,1
DA:37,1
DA:38,1
DA:39,1
DA:40,1
DA:41,1
DA:42,1
DA:43,1
DA:44,1
DA:45,1
DA:46,1
DA:47,1
DA:48,1
DA:49,1
DA:50,1
DA:51,1
DA:52,1
DA:53,1
DA:54,1
DA:55,1
DA:56,1
DA:57,1
DA:58,1
DA:59,1
DA:60,1
DA:61,1
DA:62,1
DA:63,1
DA:64,1
DA:65,1
DA:66,1
DA:67,1
DA:68,1
DA:69,1
DA:70,1
DA:71,1
DA:72,1
DA:73,1
DA:74,1
LF:74
LH:74
BRF:0
BRH:0
end_of_record
TN:
SF:src\security\input-sanitizer.ts
FN:19,sanitizeTicketId
FN:48,sanitizePath
FN:82,sanitizeExecutablePath
FN:115,sanitizeProcessId
FNF:4
FNH:4
FNDA:64,sanitizeTicketId
FNDA:21,sanitizePath
FNDA:20,sanitizeExecutablePath
FNDA:20,sanitizeProcessId
DA:1,1
DA:2,1
DA:3,1
DA:4,1
DA:5,1
DA:6,1
DA:7,1
DA:8,1
DA:9,1
DA:10,1
DA:11,1
DA:12,1
DA:13,1
DA:14,1
DA:15,1
DA:16,1
DA:17,1
DA:18,1
DA:19,64
DA:20,64
DA:21,4
DA:22,4
DA:23,60
DA:24,60
DA:25,64
DA:26,1
DA:27,1
DA:28,59
DA:29,59
DA:30,59
DA:31,59
DA:32,64
DA:33,33
DA:34,33
DA:35,26
DA:36,26
DA:37,26
DA:38,1
DA:39,1
DA:40,1
DA:41,1
DA:42,1
DA:43,1
DA:44,1
DA:45,1
DA:46,1
DA:47,1
DA:48,21
DA:49,21
DA:50,1
DA:51,1
DA:52,20
DA:53,20
DA:54,21
DA:55,1
DA:56,1
DA:57,19
DA:58,19
DA:59,21
DA:60,3
DA:61,3
DA:62,16
DA:63,16
DA:64,16
DA:65,16
DA:66,16
DA:67,21
DA:68,9
DA:69,9
DA:70,7
DA:71,7
DA:72,7
DA:73,1
DA:74,1
DA:75,1
DA:76,1
DA:77,1
DA:78,1
DA:79,1
DA:80,1
DA:81,1
DA:82,20
DA:83,20
DA:84,1
DA:85,1
DA:86,19
DA:87,19
DA:88,20
DA:89,1
DA:90,1
DA:91,18
DA:92,18
DA:93,20
DA:94,2
DA:95,2
DA:96,16
DA:97,16
DA:98,16
DA:99,16
DA:100,20
DA:101,8
DA:102,8
DA:103,8
DA:104,8
DA:105,8
DA:106,1
DA:107,1
DA:108,1
DA:109,1
DA:110,1
DA:111,1
DA:112,1
DA:113,1
DA:114,1
DA:115,20
DA:116,20
DA:117,4
DA:118,4
DA:119,16
DA:120,16
DA:121,20
DA:122,1
DA:123,1
DA:124,15
DA:125,15
DA:126,15
DA:127,15
DA:128,20
DA:129,11
DA:130,11
DA:131,4
DA:132,4
DA:133,4
LF:133
LH:133
BRDA:19,0,0,64
BRDA:20,1,0,4
BRDA:23,2,0,60
BRDA:25,3,0,1
BRDA:28,4,0,59
BRDA:32,5,0,33
BRDA:35,6,0,26
BRDA:48,7,0,21
BRDA:49,8,0,1
BRDA:52,9,0,20
BRDA:54,10,0,1
BRDA:57,11,0,19
BRDA:59,12,0,3
BRDA:62,13,0,16
BRDA:67,14,0,9
BRDA:70,15,0,7
BRDA:82,16,0,20
BRDA:83,17,0,1
BRDA:86,18,0,19
BRDA:88,19,0,1
BRDA:91,20,0,18
BRDA:93,21,0,2
BRDA:96,22,0,16
BRDA:100,23,0,8
BRDA:115,24,0,20
BRDA:116,25,0,4
BRDA:119,26,0,16
BRDA:121,27,0,1
BRDA:124,28,0,15
BRDA:128,29,0,11
BRDA:131,30,0,4
BRF:31
BRH:31
end_of_record
TN:
SF:src\services\file-watcher-service.ts
FN:32,<instance_members_initializer>
FN:46,FileWatcherService
FN:57,createWatcher
FN:80,scheduleRefresh
FN:93,performRefresh
FN:105,classifyChange
FN:148,handleFileCreate
FN:170,handleFileChange
FN:192,handleFileDelete
FN:215,withOwnWrite
FN:231,dispose
FNF:11
FNH:11
FNDA:48,<instance_members_initializer>
FNDA:48,FileWatcherService
FNDA:48,createWatcher
FNDA:15,scheduleRefresh
FNDA:14,performRefresh
FNDA:8,classifyChange
FNDA:4,handleFileCreate
FNDA:4,handleFileChange
FNDA:3,handleFileDelete
FNDA:6,withOwnWrite
FNDA:53,dispose
DA:1,1
DA:2,1
DA:3,1
DA:4,1
DA:5,1
DA:6,1
DA:7,1
DA:8,1
DA:9,1
DA:10,1
DA:11,1
DA:12,1
DA:13,1
DA:14,1
DA:15,1
DA:16,1
DA:17,1
DA:18,1
DA:19,1
DA:20,1
DA:21,1
DA:22,1
DA:23,1
DA:24,1
DA:25,1
DA:26,1
DA:27,1
DA:28,1
DA:29,1
DA:30,1
DA:31,1
DA:32,1
DA:33,48
DA:34,48
DA:35,48
DA:36,48
DA:37,48
DA:38,48
DA:39,1
DA:40,1
DA:41,1
DA:42,1
DA:43,1
DA:44,1
DA:45,1
DA:46,1
DA:47,48
DA:48,48
DA:49,48
DA:50,48
DA:51,48
DA:52,1
DA:53,1
DA:54,1
DA:55,1
DA:56,1
DA:57,1
DA:58,48
DA:59,48
DA:60,48
DA:61,48
DA:62,48
DA:63,48
DA:64,48
DA:65,48
DA:66,48
DA:67,48
DA:68,48
DA:69,48
DA:70,48
DA:71,48
DA:72,48
DA:73,48
DA:74,48
DA:75,1
DA:76,1
DA:77,1
DA:78,1
DA:79,1
DA:80,1
DA:81,15
DA:82,9
DA:83,9
DA:84,15
DA:85,15
DA:86,14
DA:87,15
DA:88,15
DA:89,1
DA:90,1
DA:91,1
DA:92,1
DA:93,1
DA:94,14
DA:95,14
DA:96,14
DA:97,0
DA:98,0
DA:99,14
DA:100,1
DA:101,1
DA:102,1
DA:103,1
DA:104,1
DA:105,1
DA:106,8
DA:107,8
DA:108,8
DA:109,8
DA:110,8
DA:111,4
DA:112,4
DA:113,4
DA:114,4
DA:115,4
DA:116,4
DA:117,4
DA:118,4
DA:119,4
DA:120,4
DA:121,4
DA:122,4
DA:123,8
DA:124,1
DA:125,1
DA:126,1
DA:127,1
DA:128,3
DA:129,3
DA:130,8
DA:131,1
DA:132,1
DA:133,1
DA:134,1
DA:135,2
DA:136,2
DA:137,2
DA:138,2
DA:139,2
DA:140,0
DA:141,0
DA:142,0
DA:143,0
DA:144,1
DA:145,1
DA:146,1
DA:147,1
DA:148,1
DA:149,4
DA:150,1
DA:151,1
DA:152,3
DA:153,3
DA:154,3
DA:155,4
DA:156,1
DA:157,1
DA:158,1
DA:159,1
DA:160,1
DA:161,1
DA:162,2
DA:163,2
DA:164,2
DA:165,2
DA:166,1
DA:167,1
DA:168,1
DA:169,1
DA:170,1
DA:171,4
DA:172,1
DA:173,1
DA:174,3
DA:175,3
DA:176,3
DA:177,4
DA:178,3
DA:179,3
DA:180,3
DA:181,3
DA:182,3
DA:183,3
DA:184,0
DA:185,0
DA:186,0
DA:187,0
DA:188,1
DA:189,1
DA:190,1
DA:191,1
DA:192,1
DA:193,3
DA:194,1
DA:195,1
DA:196,2
DA:197,2
DA:198,2
DA:199,3
DA:200,1
DA:201,1
DA:202,1
DA:203,1
DA:204,1
DA:205,1
DA:206,1
DA:207,1
DA:208,1
DA:209,1
DA:210,1
DA:211,1
DA:212,1
DA:213,1
DA:214,1
DA:215,1
DA:216,6
DA:217,6
DA:218,6
DA:219,6
DA:220,6
DA:221,6
DA:222,6
DA:223,6
DA:224,6
DA:225,6
DA:226,1
DA:227,1
DA:228,1
DA:229,1
DA:230,1
DA:231,1
DA:232,53
DA:233,6
DA:234,6
DA:235,6
DA:236,53
DA:237,53
DA:238,47
DA:239,47
DA:240,47
DA:241,53
DA:242,1
LF:242
LH:232
BRDA:32,0,0,48
BRDA:46,1,0,48
BRDA:57,2,0,48
BRDA:80,3,0,15
BRDA:81,4,0,9
BRDA:85,5,0,14
BRDA:93,6,0,14
BRDA:96,7,0,0
BRDA:105,8,0,8
BRDA:110,9,0,4
BRDA:110,10,0,4
BRDA:123,11,0,1
BRDA:123,12,0,1
BRDA:128,13,0,3
BRDA:130,14,0,1
BRDA:130,15,0,1
BRDA:135,16,0,2
BRDA:140,17,0,0
BRDA:148,18,0,4
BRDA:149,19,0,1
BRDA:152,20,0,3
BRDA:155,21,0,2
BRDA:155,22,0,1
BRDA:157,23,0,0
BRDA:157,24,0,0
BRDA:162,25,0,2
BRDA:170,26,0,4
BRDA:171,27,0,1
BRDA:174,28,0,3
BRDA:177,29,0,3
BRDA:179,30,0,2
BRDA:179,31,0,1
BRDA:184,32,0,0
BRDA:192,33,0,3
BRDA:193,34,0,1
BRDA:196,35,0,2
BRDA:199,36,0,1
BRDA:201,37,0,0
BRDA:201,38,0,0
BRDA:215,39,0,6
BRDA:221,40,0,6
BRDA:231,41,0,53
BRDA:232,42,0,6
BRDA:237,43,0,47
BRF:44
BRH:37
end_of_record
TN:
SF:src\services\history-backfill-service.ts
FN:48,backfillReports
FN:84,backfillLogFiles
FN:119,scanDirectory
FN:136,sortByTimestamp
FN:145,toHistoryEntries
FN:159,toPersistedItems
FNF:6
FNH:6
FNDA:4,backfillReports
FNDA:6,backfillLogFiles
FNDA:8,scanDirectory
FNDA:6,sortByTimestamp
FNDA:4,toHistoryEntries
FNDA:4,toPersistedItems
DA:1,1
DA:2,1
DA:3,1
DA:4,1
DA:5,1
DA:6,1
DA:7,1
DA:8,1
DA:9,1
DA:10,1
DA:11,1
DA:12,1
DA:13,1
DA:14,1
DA:15,1
DA:16,1
DA:17,1
DA:18,1
DA:19,1
DA:20,1
DA:21,1
DA:22,1
DA:23,1
DA:24,1
DA:25,1
DA:26,1
DA:27,1
DA:28,1
DA:29,1
DA:30,1
DA:31,1
DA:32,1
DA:33,1
DA:34,1
DA:35,1
DA:36,1
DA:37,1
DA:38,1
DA:39,1
DA:40,1
DA:41,1
DA:42,1
DA:43,1
DA:44,1
DA:45,1
DA:46,1
DA:47,1
DA:48,1
DA:49,4
DA:50,4
DA:51,4
DA:52,3
DA:53,3
DA:54,4
DA:55,2
DA:56,2
DA:57,2
DA:58,2
DA:59,2
DA:60,2
DA:61,1
DA:62,2
DA:63,2
DA:64,2
DA:65,2
DA:66,1
DA:67,1
DA:68,1
DA:69,2
DA:70,2
DA:71,2
DA:72,4
DA:73,0
DA:74,0
DA:75,0
DA:76,4
DA:77,1
DA:78,1
DA:79,1
DA:80,1
DA:81,1
DA:82,1
DA:83,1
DA:84,1
DA:85,6
DA:86,6
DA:87,6
DA:88,5
DA:89,5
DA:90,6
DA:91,4
DA:92,4
DA:93,4
DA:94,4
DA:95,4
DA:96,4
DA:97,3
DA:98,4
DA:99,4
DA:100,4
DA:101,4
DA:102,2
DA:103,2
DA:104,2
DA:105,2
DA:106,2
DA:107,4
DA:108,4
DA:109,4
DA:110,6
DA:111,0
DA:112,0
DA:113,0
DA:114,6
DA:115,1
DA:116,1
DA:117,1
DA:118,1
DA:119,1
DA:120,8
DA:121,8
DA:122,8
DA:123,6
DA:124,6
DA:125,6
DA:126,6
DA:127,6
DA:128,6
DA:129,6
DA:130,8
DA:131,8
DA:132,1
DA:133,1
DA:134,1
DA:135,1
DA:136,1
DA:137,6
DA:138,6
DA:139,6
DA:140,6
DA:141,1
DA:142,1
DA:143,1
DA:144,1
DA:145,1
DA:146,4
DA:147,5
DA:148,5
DA:149,5
DA:150,5
DA:151,5
DA:152,5
DA:153,4
DA:154,4
DA:155,1
DA:156,1
DA:157,1
DA:158,1
DA:159,1
DA:160,4
DA:161,64
DA:162,64
DA:163,64
DA:164,64
DA:165,64
DA:166,64
DA:167,4
DA:168,4
DA:169,1
LF:169
LH:163
BRDA:48,0,0,4
BRDA:51,1,0,1
BRDA:52,2,0,3
BRDA:54,3,0,1
BRDA:55,4,0,2
BRDA:60,5,0,1
BRDA:62,6,0,0
BRDA:62,7,0,1
BRDA:65,8,0,1
BRDA:72,9,0,0
BRDA:63,10,0,1
BRDA:66,11,0,1
BRDA:84,12,0,6
BRDA:87,13,0,1
BRDA:88,14,0,5
BRDA:90,15,0,1
BRDA:91,16,0,4
BRDA:96,17,0,1
BRDA:97,18,0,3
BRDA:98,19,0,1
BRDA:98,20,0,2
BRDA:101,21,0,2
BRDA:110,22,0,0
BRDA:99,23,0,3
BRDA:119,24,0,8
BRDA:121,25,0,6
BRDA:122,26,0,6
BRDA:136,27,0,6
BRDA:138,28,0,6
BRDA:139,29,0,1
BRDA:145,30,0,4
BRDA:146,31,0,5
BRDA:150,32,0,1
BRDA:159,33,0,4
BRDA:160,34,0,64
BRDA:164,35,0,0
BRF:36
BRH:32
end_of_record
TN:
SF:src\services\pipeline-execution-listener.ts
FN:31,PipelineExecutionListener
FN:43,setup
FN:98,getCurrentState
FNF:3
FNH:3
FNDA:48,PipelineExecutionListener
FNDA:24,setup
FNDA:3,getCurrentState
DA:1,1
DA:2,1
DA:3,1
DA:4,1
DA:5,1
DA:6,1
DA:7,1
DA:8,1
DA:9,1
DA:10,1
DA:11,1
DA:12,1
DA:13,1
DA:14,1
DA:15,1
DA:16,1
DA:17,1
DA:18,1
DA:19,1
DA:20,1
DA:21,1
DA:22,1
DA:23,1
DA:24,1
DA:25,1
DA:26,1
DA:27,1
DA:28,1
DA:29,1
DA:30,1
DA:31,1
DA:32,48
DA:33,48
DA:34,48
DA:35,48
DA:36,48
DA:37,48
DA:38,48
DA:39,1
DA:40,1
DA:41,1
DA:42,1
DA:43,1
DA:44,24
DA:45,23
DA:46,23
DA:47,23
DA:48,8
DA:49,8
DA:50,8
DA:51,8
DA:52,8
DA:53,3
DA:54,3
DA:55,8
DA:56,8
DA:57,8
DA:58,8
DA:59,8
DA:60,3
DA:61,3
DA:62,3
DA:63,8
DA:64,23
DA:65,23
DA:66,23
DA:67,5
DA:68,5
DA:69,5
DA:70,5
DA:71,5
DA:72,5
DA:73,5
DA:74,5
DA:75,5
DA:76,9
DA:77,9
DA:78,6
DA:79,6
DA:80,9
DA:81,0
DA:82,0
DA:83,9
DA:84,5
DA:85,5
DA:86,5
DA:87,0
DA:88,0
DA:89,5
DA:90,0
DA:91,0
DA:92,23
DA:93,23
DA:94,1
DA:95,1
DA:96,1
DA:97,1
DA:98,1
DA:99,3
DA:100,3
DA:101,1
LF:101
LH:95
BRDA:31,0,0,48
BRDA:43,1,0,24
BRDA:44,2,0,1
BRDA:45,3,0,23
BRDA:47,4,0,8
BRDA:50,5,0,1
BRDA:52,6,0,3
BRDA:56,7,0,7
BRDA:57,8,0,1
BRDA:59,9,0,6
BRDA:59,10,0,3
BRDA:60,11,0,1
BRDA:60,12,0,2
BRDA:60,13,0,1
BRDA:60,14,0,1
BRDA:66,15,0,5
BRDA:75,16,0,9
BRDA:77,17,0,3
BRDA:78,18,0,6
BRDA:80,19,0,0
BRDA:86,20,0,0
BRDA:89,21,0,0
BRDA:98,22,0,3
BRF:23
BRH:20
end_of_record
TN:
SF:src\services\pipeline-history-manager.ts
FN:47,PipelineHistoryManager
FN:56,setContext
FN:63,setWorkflowRoot
FN:70,load
FN:103,save
FN:125,addRun
FN:146,getRunCounter
FN:153,getHistory
FN:160,clear
FNF:9
FNH:9
FNDA:36,PipelineHistoryManager
FNDA:14,setContext
FNDA:11,setWorkflowRoot
FNDA:10,load
FNDA:73,save
FNDA:69,addRun
FNDA:4,getRunCounter
FNDA:13,getHistory
FNDA:2,clear
DA:1,1
DA:2,1
DA:3,1
DA:4,1
DA:5,1
DA:6,1
DA:7,1
DA:8,1
DA:9,1
DA:10,1
DA:11,1
DA:12,1
DA:13,1
DA:14,1
DA:15,1
DA:16,1
DA:17,1
DA:18,1
DA:19,1
DA:20,1
DA:21,1
DA:22,1
DA:23,1
DA:24,1
DA:25,1
DA:26,1
DA:27,1
DA:28,1
DA:29,1
DA:30,1
DA:31,1
DA:32,1
DA:33,1
DA:34,1
DA:35,1
DA:36,1
DA:37,1
DA:38,1
DA:39,1
DA:40,1
DA:41,1
DA:42,1
DA:43,1
DA:44,1
DA:45,1
DA:46,1
DA:47,1
DA:48,36
DA:49,36
DA:50,36
DA:51,36
DA:52,1
DA:53,1
DA:54,1
DA:55,1
DA:56,1
DA:57,14
DA:58,14
DA:59,1
DA:60,1
DA:61,1
DA:62,1
DA:63,1
DA:64,11
DA:65,11
DA:66,1
DA:67,1
DA:68,1
DA:69,1
DA:70,1
DA:71,10
DA:72,9
DA:73,9
DA:74,10
DA:75,2
DA:76,2
DA:77,2
DA:78,10
DA:79,0
DA:80,0
DA:81,0
DA:82,2
DA:83,2
DA:84,3
DA:85,3
DA:86,3
DA:87,3
DA:88,3
DA:89,3
DA:90,2
DA:91,2
DA:92,2
DA:93,2
DA:94,2
DA:95,10
DA:96,1
DA:97,1
DA:98,10
DA:99,1
DA:100,1
DA:101,1
DA:102,1
DA:103,1
DA:104,73
DA:105,3
DA:106,3
DA:107,63
DA:108,63
DA:109,63
DA:110,63
DA:111,63
DA:112,63
DA:113,3
DA:114,3
DA:115,73
DA:116,73
DA:117,73
DA:118,1
DA:119,1
DA:120,73
DA:121,1
DA:122,1
DA:123,1
DA:124,1
DA:125,1
DA:126,69
DA:127,69
DA:128,69
DA:129,69
DA:130,69
DA:131,69
DA:132,69
DA:133,69
DA:134,69
DA:135,69
DA:136,69
DA:137,5
DA:138,5
DA:139,69
DA:140,69
DA:141,69
DA:142,1
DA:143,1
DA:144,1
DA:145,1
DA:146,1
DA:147,4
DA:148,4
DA:149,1
DA:150,1
DA:151,1
DA:152,1
DA:153,1
DA:154,13
DA:155,13
DA:156,1
DA:157,1
DA:158,1
DA:159,1
DA:160,1
DA:161,2
DA:162,2
DA:163,2
DA:164,1
LF:164
LH:161
BRDA:47,0,0,36
BRDA:56,1,0,14
BRDA:63,2,0,11
BRDA:70,3,0,10
BRDA:71,4,0,1
BRDA:72,5,0,9
BRDA:74,6,0,2
BRDA:74,7,0,6
BRDA:75,8,0,2
BRDA:78,9,0,0
BRDA:82,10,0,2
BRDA:95,11,0,1
BRDA:83,12,0,3
BRDA:87,13,0,0
BRDA:93,14,0,3
BRDA:103,15,0,73
BRDA:104,16,0,70
BRDA:105,17,0,3
BRDA:115,18,0,1
BRDA:115,19,0,2
BRDA:117,20,0,2
BRDA:117,21,0,1
BRDA:106,22,0,63
BRDA:110,23,0,0
BRDA:125,24,0,69
BRDA:136,25,0,5
BRDA:146,26,0,4
BRDA:153,27,0,13
BRDA:160,28,0,2
BRF:29
BRH:26
end_of_record
TN:
SF:src\services\pipeline-state-manager.ts
FN:42,<instance_members_initializer>
FN:64,process
FN:121,handleGoto
FN:169,getCurrentStage
FN:176,getCurrentAgent
FN:183,getCurrentSkill
FN:190,getCurrentTicket
FN:197,getCurrentAttempt
FN:204,getCurrentMaxAttempts
FN:211,getElapsed
FN:218,getStagesStarted
FN:225,getRetries
FN:232,getGotos
FN:239,getCompletedStages
FN:246,getCurrentOutputLines
FN:253,getCurrentStageReport
FN:260,reset
FNF:17
FNH:17
FNDA:67,<instance_members_initializer>
FNDA:154,process
FNDA:8,handleGoto
FNDA:10,getCurrentStage
FNDA:7,getCurrentAgent
FNDA:7,getCurrentSkill
FNDA:19,getCurrentTicket
FNDA:7,getCurrentAttempt
FNDA:7,getCurrentMaxAttempts
FNDA:6,getElapsed
FNDA:6,getStagesStarted
FNDA:8,getRetries
FNDA:9,getGotos
FNDA:14,getCompletedStages
FNDA:6,getCurrentOutputLines
FNDA:4,getCurrentStageReport
FNDA:2,reset
DA:1,1
DA:2,1
DA:3,1
DA:4,1
DA:5,1
DA:6,1
DA:7,1
DA:8,1
DA:9,1
DA:10,1
DA:11,1
DA:12,1
DA:13,1
DA:14,1
DA:15,1
DA:16,1
DA:17,1
DA:18,1
DA:19,1
DA:20,1
DA:21,1
DA:22,1
DA:23,1
DA:24,1
DA:25,1
DA:26,1
DA:27,1
DA:28,1
DA:29,1
DA:30,1
DA:31,1
DA:32,1
DA:33,1
DA:34,1
DA:35,1
DA:36,1
DA:37,1
DA:38,1
DA:39,1
DA:40,1
DA:41,1
DA:42,1
DA:43,67
DA:44,67
DA:45,67
DA:46,67
DA:47,67
DA:48,67
DA:49,67
DA:50,67
DA:51,67
DA:52,67
DA:53,67
DA:54,67
DA:55,67
DA:56,67
DA:57,67
DA:58,67
DA:59,1
DA:60,1
DA:61,1
DA:62,1
DA:63,1
DA:64,1
DA:65,154
DA:66,154
DA:67,154
DA:68,154
DA:69,8
DA:70,8
DA:71,8
DA:72,154
DA:73,154
DA:74,154
DA:75,12
DA:76,12
DA:77,12
DA:78,12
DA:79,12
DA:80,154
DA:81,154
DA:82,154
DA:83,4
DA:84,4
DA:85,4
DA:86,4
DA:87,4
DA:88,4
DA:89,154
DA:90,154
DA:91,154
DA:92,4
DA:93,4
DA:94,3
DA:95,3
DA:96,4
DA:97,4
DA:98,154
DA:99,154
DA:100,154
DA:101,2
DA:102,2
DA:103,2
DA:104,154
DA:105,154
DA:106,154
DA:107,154
DA:108,154
DA:109,154
DA:110,154
DA:111,106
DA:112,106
DA:113,106
DA:114,154
DA:115,154
DA:116,154
DA:117,1
DA:118,1
DA:119,1
DA:120,1
DA:121,1
DA:122,8
DA:123,8
DA:124,8
DA:125,8
DA:126,8
DA:127,8
DA:128,3
DA:129,3
DA:130,8
DA:131,1
DA:132,1
DA:133,8
DA:134,8
DA:135,8
DA:136,7
DA:137,7
DA:138,7
DA:139,7
DA:140,7
DA:141,7
DA:142,7
DA:143,7
DA:144,7
DA:145,7
DA:146,7
DA:147,7
DA:148,7
DA:149,7
DA:150,7
DA:151,7
DA:152,7
DA:153,7
DA:154,7
DA:155,7
DA:156,7
DA:157,8
DA:158,8
DA:159,8
DA:160,8
DA:161,8
DA:162,8
DA:163,8
DA:164,8
DA:165,1
DA:166,1
DA:167,1
DA:168,1
DA:169,1
DA:170,10
DA:171,10
DA:172,1
DA:173,1
DA:174,1
DA:175,1
DA:176,1
DA:177,7
DA:178,7
DA:179,1
DA:180,1
DA:181,1
DA:182,1
DA:183,1
DA:184,7
DA:185,7
DA:186,1
DA:187,1
DA:188,1
DA:189,1
DA:190,1
DA:191,19
DA:192,19
DA:193,1
DA:194,1
DA:195,1
DA:196,1
DA:197,1
DA:198,7
DA:199,7
DA:200,1
DA:201,1
DA:202,1
DA:203,1
DA:204,1
DA:205,7
DA:206,7
DA:207,1
DA:208,1
DA:209,1
DA:210,1
DA:211,1
DA:212,6
DA:213,6
DA:214,1
DA:215,1
DA:216,1
DA:217,1
DA:218,1
DA:219,6
DA:220,6
DA:221,1
DA:222,1
DA:223,1
DA:224,1
DA:225,1
DA:226,8
DA:227,8
DA:228,1
DA:229,1
DA:230,1
DA:231,1
DA:232,1
DA:233,9
DA:234,9
DA:235,1
DA:236,1
DA:237,1
DA:238,1
DA:239,1
DA:240,14
DA:241,14
DA:242,1
DA:243,1
DA:244,1
DA:245,1
DA:246,1
DA:247,6
DA:248,6
DA:249,1
DA:250,1
DA:251,1
DA:252,1
DA:253,1
DA:254,4
DA:255,4
DA:256,1
DA:257,1
DA:258,1
DA:259,1
DA:260,1
DA:261,2
DA:262,2
DA:263,2
DA:264,2
DA:265,2
DA:266,2
DA:267,2
DA:268,2
DA:269,2
DA:270,2
DA:271,2
DA:272,2
DA:273,2
DA:274,2
DA:275,2
DA:276,2
DA:277,2
DA:278,2
DA:279,1
LF:279
LH:279
BRDA:42,0,0,67
BRDA:64,1,0,154
BRDA:68,2,0,8
BRDA:74,3,0,12
BRDA:76,4,0,4
BRDA:77,5,0,1
BRDA:82,6,0,4
BRDA:91,7,0,4
BRDA:93,8,0,3
BRDA:100,9,0,2
BRDA:100,10,0,2
BRDA:106,11,0,6
BRDA:107,12,0,0
BRDA:110,13,0,116
BRDA:110,14,0,106
BRDA:121,15,0,8
BRDA:127,16,0,3
BRDA:130,17,0,1
BRDA:135,18,0,7
BRDA:137,19,0,1
BRDA:138,20,0,6
BRDA:138,21,0,2
BRDA:138,22,0,4
BRDA:169,23,0,10
BRDA:176,24,0,7
BRDA:183,25,0,7
BRDA:190,26,0,19
BRDA:197,27,0,7
BRDA:204,28,0,7
BRDA:211,29,0,6
BRDA:218,30,0,6
BRDA:225,31,0,8
BRDA:232,32,0,9
BRDA:239,33,0,14
BRDA:246,34,0,6
BRDA:253,35,0,4
BRDA:260,36,0,2
BRF:37
BRH:36
end_of_record
TN:
SF:src\ui\completion-provider.ts
FN:30,<instance_members_initializer>
FN:33,TicketCompletionProvider
FN:40,setWorkflowRoot
FN:47,provideCompletionItems
FN:95,isInField
FN:116,getCurrentTicketId
FN:139,<instance_members_initializer>
FN:142,PipelineCompletionProvider
FN:149,setWorkflowRoot
FN:156,provideCompletionItems
FN:220,extractSkillsFromPipeline
FN:254,createStageDocumentation
FN:292,createAgentDocumentation
FN:328,<instance_members_initializer>
FN:331,WorkflowCompletionProvider
FN:339,setWorkflowRoot
FN:347,provideCompletionItems
FNF:17
FNH:14
FNDA:16,<instance_members_initializer>
FNDA:16,TicketCompletionProvider
FNDA:15,setWorkflowRoot
FNDA:8,provideCompletionItems
FNDA:14,isInField
FNDA:6,getCurrentTicketId
FNDA:19,<instance_members_initializer>
FNDA:19,PipelineCompletionProvider
FNDA:18,setWorkflowRoot
FNDA:10,provideCompletionItems
FNDA:0,extractSkillsFromPipeline
FNDA:0,createStageDocumentation
FNDA:0,createAgentDocumentation
FNDA:8,<instance_members_initializer>
FNDA:8,WorkflowCompletionProvider
FNDA:8,setWorkflowRoot
FNDA:3,provideCompletionItems
DA:1,1
DA:2,1
DA:3,1
DA:4,1
DA:5,1
DA:6,1
DA:7,1
DA:8,1
DA:9,1
DA:10,1
DA:11,1
DA:12,1
DA:13,1
DA:14,1
DA:15,1
DA:16,1
DA:17,1
DA:18,1
DA:19,1
DA:20,1
DA:21,1
DA:22,1
DA:23,1
DA:24,1
DA:25,1
DA:26,1
DA:27,1
DA:28,1
DA:29,1
DA:30,1
DA:31,1
DA:32,1
DA:33,1
DA:34,16
DA:35,16
DA:36,1
DA:37,1
DA:38,1
DA:39,1
DA:40,1
DA:41,15
DA:42,15
DA:43,1
DA:44,1
DA:45,1
DA:46,1
DA:47,1
DA:48,8
DA:49,8
DA:50,8
DA:51,8
DA:52,1
DA:53,1
DA:54,7
DA:55,7
DA:56,7
DA:57,7
DA:58,7
DA:59,7
DA:60,7
DA:61,7
DA:62,8
DA:63,1
DA:64,1
DA:65,6
DA:66,6
DA:67,6
DA:68,6
DA:69,6
DA:70,6
DA:71,6
DA:72,6
DA:73,8
DA:74,7
DA:75,7
DA:76,1
DA:77,1
DA:78,6
DA:79,6
DA:80,6
DA:81,6
DA:82,6
DA:83,6
DA:84,6
DA:85,6
DA:86,6
DA:87,6
DA:88,6
DA:89,6
DA:90,6
DA:91,1
DA:92,1
DA:93,1
DA:94,1
DA:95,1
DA:96,14
DA:97,14
DA:98,14
DA:99,14
DA:100,14
DA:101,0
DA:102,0
DA:103,14
DA:104,14
DA:105,14
DA:106,14
DA:107,12
DA:108,12
DA:109,2
DA:110,2
DA:111,2
DA:112,1
DA:113,1
DA:114,1
DA:115,1
DA:116,1
DA:117,6
DA:118,6
DA:119,6
DA:120,0
DA:121,0
DA:122,6
DA:123,6
DA:124,6
DA:125,6
DA:126,6
DA:127,6
DA:128,1
DA:129,1
DA:130,1
DA:131,1
DA:132,1
DA:133,1
DA:134,1
DA:135,1
DA:136,1
DA:137,1
DA:138,1
DA:139,1
DA:140,1
DA:141,1
DA:142,1
DA:143,19
DA:144,19
DA:145,1
DA:146,1
DA:147,1
DA:148,1
DA:149,1
DA:150,18
DA:151,18
DA:152,1
DA:153,1
DA:154,1
DA:155,1
DA:156,1
DA:157,10
DA:158,10
DA:159,10
DA:160,10
DA:161,1
DA:162,1
DA:163,9
DA:164,9
DA:165,9
DA:166,9
DA:167,9
DA:168,0
DA:169,0
DA:170,0
DA:171,0
DA:172,0
DA:173,0
DA:174,0
DA:175,0
DA:176,0
DA:177,0
DA:178,0
DA:179,0
DA:180,0
DA:181,0
DA:182,0
DA:183,0
DA:184,0
DA:185,0
DA:186,0
DA:187,0
DA:188,0
DA:189,0
DA:190,0
DA:191,0
DA:192,0
DA:193,0
DA:194,0
DA:195,0
DA:196,0
DA:197,0
DA:198,0
DA:199,0
DA:200,0
DA:201,0
DA:202,0
DA:203,0
DA:204,0
DA:205,0
DA:206,0
DA:207,0
DA:208,0
DA:209,0
DA:210,0
DA:211,0
DA:212,0
DA:213,0
DA:214,10
DA:215,10
DA:216,1
DA:217,1
DA:218,1
DA:219,1
DA:220,1
DA:221,0
DA:222,0
DA:223,0
DA:224,0
DA:225,0
DA:226,0
DA:227,0
DA:228,0
DA:229,0
DA:230,0
DA:231,0
DA:232,0
DA:233,0
DA:234,0
DA:235,0
DA:236,0
DA:237,0
DA:238,0
DA:239,0
DA:240,0
DA:241,0
DA:242,0
DA:243,0
DA:244,0
DA:245,0
DA:246,0
DA:247,0
DA:248,0
DA:249,0
DA:250,1
DA:251,1
DA:252,1
DA:253,1
DA:254,1
DA:255,0
DA:256,0
DA:257,0
DA:258,0
DA:259,0
DA:260,0
DA:261,0
DA:262,0
DA:263,0
DA:264,0
DA:265,0
DA:266,0
DA:267,0
DA:268,0
DA:269,0
DA:270,0
DA:271,0
DA:272,0
DA:273,0
DA:274,0
DA:275,0
DA:276,0
DA:277,0
DA:278,0
DA:279,0
DA:280,0
DA:281,0
DA:282,0
DA:283,0
DA:284,0
DA:285,0
DA:286,0
DA:287,0
DA:288,1
DA:289,1
DA:290,1
DA:291,1
DA:292,1
DA:293,0
DA:294,0
DA:295,0
DA:296,0
DA:297,0
DA:298,0
DA:299,0
DA:300,0
DA:301,0
DA:302,0
DA:303,0
DA:304,0
DA:305,0
DA:306,0
DA:307,0
DA:308,0
DA:309,0
DA:310,0
DA:311,0
DA:312,0
DA:313,0
DA:314,0
DA:315,0
DA:316,0
DA:317,0
DA:318,0
DA:319,0
DA:320,1
DA:321,1
DA:322,1
DA:323,1
DA:324,1
DA:325,1
DA:326,1
DA:327,1
DA:328,1
DA:329,1
DA:330,1
DA:331,1
DA:332,8
DA:333,8
DA:334,8
DA:335,1
DA:336,1
DA:337,1
DA:338,1
DA:339,1
DA:340,8
DA:341,8
DA:342,8
DA:343,1
DA:344,1
DA:345,1
DA:346,1
DA:347,1
DA:348,3
DA:349,3
DA:350,3
DA:351,3
DA:352,3
DA:353,3
DA:354,3
DA:355,3
DA:356,3
DA:357,3
DA:358,1
DA:359,1
DA:360,2
DA:361,2
DA:362,3
DA:363,1
DA:364,1
DA:365,1
DA:366,1
DA:367,1
DA:368,1
LF:368
LH:229
BRDA:30,0,0,16
BRDA:33,1,0,16
BRDA:40,2,0,15
BRDA:47,3,0,8
BRDA:51,4,0,1
BRDA:54,5,0,7
BRDA:62,6,0,1
BRDA:62,7,0,1
BRDA:65,8,0,6
BRDA:73,9,0,7
BRDA:75,10,0,1
BRDA:78,11,0,6
BRDA:88,12,0,6
BRDA:95,13,0,14
BRDA:100,14,0,0
BRDA:106,15,0,12
BRDA:107,16,0,6
BRDA:109,17,0,2
BRDA:116,18,0,6
BRDA:119,19,0,0
BRDA:126,20,0,0
BRDA:139,21,0,19
BRDA:142,22,0,19
BRDA:149,23,0,18
BRDA:156,24,0,10
BRDA:160,25,0,1
BRDA:163,26,0,9
BRDA:168,27,0,0
BRDA:214,28,0,0
BRDA:328,29,0,8
BRDA:331,30,0,8
BRDA:339,31,0,8
BRDA:347,32,0,3
BRDA:357,33,0,1
BRDA:357,34,0,1
BRDA:360,35,0,2
BRDA:362,36,0,1
BRDA:362,37,0,1
BRF:38
BRH:33
end_of_record
TN:
SF:src\ui\document-link-provider.ts
FN:34,TicketDocumentLinkProvider
FN:39,setWorkflowRoot
FN:46,provideDocumentLinks
FN:75,extractContextFilesLinks
FN:138,extractDependenciesLinks
FN:205,PipelineDocumentLinkProvider
FN:210,setWorkflowRoot
FN:217,provideDocumentLinks
FN:256,extractSkillLinks
FN:303,extractGotoStageLinks
FN:350,<instance_members_initializer>
FN:353,WorkflowDocumentLinkProvider
FN:361,setWorkflowRoot
FN:369,provideDocumentLinks
FNF:14
FNH:14
FNDA:13,TicketDocumentLinkProvider
FNDA:12,setWorkflowRoot
FNDA:7,provideDocumentLinks
FNDA:7,extractContextFilesLinks
FNDA:7,extractDependenciesLinks
FNDA:12,PipelineDocumentLinkProvider
FNDA:11,setWorkflowRoot
FNDA:5,provideDocumentLinks
FNDA:109,extractSkillLinks
FNDA:109,extractGotoStageLinks
FNDA:8,<instance_members_initializer>
FNDA:8,WorkflowDocumentLinkProvider
FNDA:7,setWorkflowRoot
FNDA:3,provideDocumentLinks
DA:1,1
DA:2,1
DA:3,1
DA:4,1
DA:5,1
DA:6,1
DA:7,1
DA:8,1
DA:9,1
DA:10,1
DA:11,1
DA:12,1
DA:13,1
DA:14,1
DA:15,1
DA:16,1
DA:17,1
DA:18,1
DA:19,1
DA:20,1
DA:21,1
DA:22,1
DA:23,1
DA:24,1
DA:25,1
DA:26,1
DA:27,1
DA:28,1
DA:29,1
DA:30,1
DA:31,1
DA:32,1
DA:33,1
DA:34,1
DA:35,1
DA:36,1
DA:37,1
DA:38,1
DA:39,1
DA:40,12
DA:41,12
DA:42,1
DA:43,1
DA:44,1
DA:45,1
DA:46,1
DA:47,7
DA:48,0
DA:49,0
DA:50,7
DA:51,7
DA:52,7
DA:53,7
DA:54,7
DA:55,7
DA:56,7
DA:57,0
DA:58,0
DA:59,7
DA:60,7
DA:61,7
DA:62,7
DA:63,7
DA:64,7
DA:65,7
DA:66,7
DA:67,7
DA:68,7
DA:69,7
DA:70,7
DA:71,1
DA:72,1
DA:73,1
DA:74,1
DA:75,1
DA:76,7
DA:77,7
DA:78,7
DA:79,7
DA:80,7
DA:81,7
DA:82,7
DA:83,59
DA:84,59
DA:85,59
DA:86,59
DA:87,59
DA:88,5
DA:89,5
DA:90,54
DA:91,54
DA:92,54
DA:93,59
DA:94,5
DA:95,5
DA:96,5
DA:97,49
DA:98,49
DA:99,59
DA:100,0
DA:101,0
DA:102,0
DA:103,49
DA:104,49
DA:105,59
DA:106,5
DA:107,5
DA:108,4
DA:109,4
DA:110,4
DA:111,4
DA:112,4
DA:113,4
DA:114,4
DA:115,4
DA:116,4
DA:117,0
DA:118,4
DA:119,4
DA:120,4
DA:121,4
DA:122,4
DA:123,4
DA:124,4
DA:125,3
DA:126,3
DA:127,3
DA:128,3
DA:129,3
DA:130,4
DA:131,5
DA:132,59
DA:133,7
DA:134,1
DA:135,1
DA:136,1
DA:137,1
DA:138,1
DA:139,7
DA:140,7
DA:141,7
DA:142,7
DA:143,7
DA:144,7
DA:145,7
DA:146,59
DA:147,59
DA:148,59
DA:149,59
DA:150,59
DA:151,59
DA:152,4
DA:153,4
DA:154,4
DA:155,55
DA:156,55
DA:157,59
DA:158,2
DA:159,2
DA:160,2
DA:161,53
DA:162,53
DA:163,59
DA:164,4
DA:165,4
DA:166,3
DA:167,3
DA:168,3
DA:169,3
DA:170,3
DA:171,3
DA:172,3
DA:173,2
DA:174,2
DA:175,2
DA:176,2
DA:177,2
DA:178,2
DA:179,2
DA:180,2
DA:181,2
DA:182,2
DA:183,2
DA:184,2
DA:185,2
DA:186,2
DA:187,2
DA:188,2
DA:189,3
DA:190,4
DA:191,59
DA:192,7
DA:193,1
DA:194,1
DA:195,1
DA:196,1
DA:197,1
DA:198,1
DA:199,1
DA:200,1
DA:201,1
DA:202,1
DA:203,1
DA:204,1
DA:205,1
DA:206,1
DA:207,1
DA:208,1
DA:209,1
DA:210,1
DA:211,11
DA:212,11
DA:213,1
DA:214,1
DA:215,1
DA:216,1
DA:217,1
DA:218,5
DA:219,0
DA:220,0
DA:221,5
DA:222,5
DA:223,5
DA:224,5
DA:225,5
DA:226,5
DA:227,5
DA:228,5
DA:229,0
DA:230,0
DA:231,5
DA:232,5
DA:233,5
DA:234,5
DA:235,5
DA:236,5
DA:237,109
DA:238,109
DA:239,109
DA:240,109
DA:241,109
DA:242,109
DA:243,109
DA:244,109
DA:245,5
DA:246,0
DA:247,0
DA:248,0
DA:249,5
DA:250,5
DA:251,5
DA:252,1
DA:253,1
DA:254,1
DA:255,1
DA:256,1
DA:257,109
DA:258,109
DA:259,109
DA:260,109
DA:261,109
DA:262,109
DA:263,109
DA:264,109
DA:265,105
DA:266,105
DA:267,4
DA:268,4
DA:269,4
DA:270,4
DA:271,4
DA:272,4
DA:273,109
DA:274,0
DA:275,0
DA:276,4
DA:277,4
DA:278,4
DA:279,4
DA:280,4
DA:281,4
DA:282,4
DA:283,4
DA:284,4
DA:285,4
DA:286,4
DA:287,4
DA:288,4
DA:289,4
DA:290,109
DA:291,3
DA:292,3
DA:293,3
DA:294,3
DA:295,3
DA:296,3
DA:297,109
DA:298,1
DA:299,1
DA:300,1
DA:301,1
DA:302,1
DA:303,1
DA:304,109
DA:305,109
DA:306,109
DA:307,109
DA:308,109
DA:309,109
DA:310,109
DA:311,109
DA:312,109
DA:313,109
DA:314,105
DA:315,105
DA:316,4
DA:317,4
DA:318,4
DA:319,4
DA:320,109
DA:321,1
DA:322,1
DA:323,3
DA:324,3
DA:325,3
DA:326,3
DA:327,3
DA:328,3
DA:329,3
DA:330,3
DA:331,3
DA:332,3
DA:333,3
DA:334,3
DA:335,3
DA:336,3
DA:337,3
DA:338,3
DA:339,3
DA:340,3
DA:341,3
DA:342,3
DA:343,109
DA:344,1
DA:345,1
DA:346,1
DA:347,1
DA:348,1
DA:349,1
DA:350,1
DA:351,1
DA:352,1
DA:353,1
DA:354,8
DA:355,8
DA:356,8
DA:357,1
DA:358,1
DA:359,1
DA:360,1
DA:361,1
DA:362,7
DA:363,7
DA:364,7
DA:365,1
DA:366,1
DA:367,1
DA:368,1
DA:369,1
DA:370,3
DA:371,3
DA:372,3
DA:373,3
DA:374,1
DA:375,1
DA:376,2
DA:377,3
DA:378,1
DA:379,1
DA:380,1
DA:381,1
DA:382,1
DA:383,1
LF:383
LH:366
BRDA:34,0,0,13
BRDA:39,1,0,12
BRDA:46,2,0,7
BRDA:47,3,0,0
BRDA:56,4,0,0
BRDA:75,5,0,7
BRDA:82,6,0,59
BRDA:87,7,0,5
BRDA:90,8,0,54
BRDA:93,9,0,5
BRDA:97,10,0,49
BRDA:99,11,0,5
BRDA:99,12,0,0
BRDA:103,13,0,49
BRDA:105,14,0,5
BRDA:107,15,0,4
BRDA:116,16,0,0
BRDA:124,17,0,3
BRDA:138,18,0,7
BRDA:145,19,0,59
BRDA:151,20,0,4
BRDA:155,21,0,55
BRDA:157,22,0,6
BRDA:157,23,0,2
BRDA:161,24,0,53
BRDA:163,25,0,4
BRDA:165,26,0,3
BRDA:172,27,0,2
BRDA:205,28,0,12
BRDA:210,29,0,11
BRDA:217,30,0,5
BRDA:218,31,0,0
BRDA:228,32,0,0
BRDA:236,33,0,109
BRDA:245,34,0,0
BRDA:256,35,0,109
BRDA:264,36,0,105
BRDA:267,37,0,4
BRDA:273,38,0,0
BRDA:276,39,0,4
BRDA:290,40,0,3
BRDA:303,41,0,109
BRDA:313,42,0,105
BRDA:316,43,0,4
BRDA:320,44,0,1
BRDA:323,45,0,3
BRDA:350,46,0,8
BRDA:353,47,0,8
BRDA:361,48,0,7
BRDA:369,49,0,3
BRDA:373,50,0,2
BRDA:373,51,0,1
BRDA:376,52,0,2
BRDA:377,53,0,1
BRDA:377,54,0,1
BRF:55
BRH:47
end_of_record
TN:
SF:src\ui\hover-provider.ts
FN:45,TicketHoverProvider
FN:50,setWorkflowRoot
FN:57,provideHover
FN:87,extractTicketIdAtPosition
FN:107,buildHoverContent
FN:180,AgentHoverProvider
FN:197,dispose
FN:205,setWorkflowRoot
FN:216,parsePipelineYaml
FN:286,hasAgents
FN:294,extractAgentNameAtPosition
FN:319,provideHover
FN:357,buildAgentHoverContent
FN:392,<instance_members_initializer>
FN:395,WorkflowHoverProvider
FN:403,setWorkflowRoot
FN:411,dispose
FN:418,provideHover
FNF:18
FNH:15
FNDA:23,TicketHoverProvider
FNDA:22,setWorkflowRoot
FNDA:21,provideHover
FNDA:20,extractTicketIdAtPosition
FNDA:18,buildHoverContent
FNDA:21,AgentHoverProvider
FNDA:0,dispose
FNDA:20,setWorkflowRoot
FNDA:11,parsePipelineYaml
FNDA:0,hasAgents
FNDA:11,extractAgentNameAtPosition
FNDA:13,provideHover
FNDA:10,buildAgentHoverContent
FNDA:8,<instance_members_initializer>
FNDA:8,WorkflowHoverProvider
FNDA:8,setWorkflowRoot
FNDA:0,dispose
FNDA:3,provideHover
DA:1,1
DA:2,1
DA:3,1
DA:4,1
DA:5,1
DA:6,1
DA:7,1
DA:8,1
DA:9,1
DA:10,1
DA:11,1
DA:12,1
DA:13,1
DA:14,1
DA:15,1
DA:16,1
DA:17,1
DA:18,1
DA:19,1
DA:20,1
DA:21,1
DA:22,1
DA:23,1
DA:24,1
DA:25,1
DA:26,1
DA:27,1
DA:28,1
DA:29,1
DA:30,1
DA:31,1
DA:32,1
DA:33,1
DA:34,1
DA:35,1
DA:36,1
DA:37,1
DA:38,1
DA:39,1
DA:40,1
DA:41,1
DA:42,1
DA:43,1
DA:44,1
DA:45,1
DA:46,1
DA:47,1
DA:48,1
DA:49,1
DA:50,1
DA:51,22
DA:52,22
DA:53,1
DA:54,1
DA:55,1
DA:56,1
DA:57,1
DA:58,21
DA:59,21
DA:60,21
DA:61,21
DA:62,1
DA:63,1
DA:64,20
DA:65,20
DA:66,20
DA:67,20
DA:68,21
DA:69,1
DA:70,1
DA:71,19
DA:72,19
DA:73,19
DA:74,21
DA:75,1
DA:76,1
DA:77,18
DA:78,18
DA:79,18
DA:80,18
DA:81,18
DA:82,1
DA:83,1
DA:84,1
DA:85,1
DA:86,1
DA:87,1
DA:88,20
DA:89,20
DA:90,20
DA:91,20
DA:92,20
DA:93,20
DA:94,20
DA:95,20
DA:96,20
DA:97,19
DA:98,19
DA:99,20
DA:100,1
DA:101,1
DA:102,1
DA:103,1
DA:104,1
DA:105,1
DA:106,1
DA:107,1
DA:108,18
DA:109,18
DA:110,18
DA:111,18
DA:112,18
DA:113,18
DA:114,18
DA:115,18
DA:116,18
DA:117,18
DA:118,18
DA:119,18
DA:120,18
DA:121,18
DA:122,18
DA:123,18
DA:124,18
DA:125,18
DA:126,18
DA:127,18
DA:128,18
DA:129,18
DA:130,18
DA:131,18
DA:132,18
DA:133,18
DA:134,18
DA:135,18
DA:136,5
DA:137,5
DA:138,5
DA:139,5
DA:140,5
DA:141,5
DA:142,18
DA:143,13
DA:144,13
DA:145,18
DA:146,18
DA:147,18
DA:148,18
DA:149,18
DA:150,18
DA:151,18
DA:152,18
DA:153,0
DA:154,0
DA:155,0
DA:156,0
DA:157,0
DA:158,0
DA:159,18
DA:160,18
DA:161,18
DA:162,1
DA:163,1
DA:164,1
DA:165,1
DA:166,1
DA:167,1
DA:168,1
DA:169,1
DA:170,1
DA:171,1
DA:172,1
DA:173,1
DA:174,1
DA:175,1
DA:176,1
DA:177,1
DA:178,1
DA:179,1
DA:180,1
DA:181,21
DA:182,21
DA:183,21
DA:184,0
DA:185,0
DA:186,0
DA:187,0
DA:188,0
DA:189,0
DA:190,21
DA:191,21
DA:192,21
DA:193,1
DA:194,1
DA:195,1
DA:196,1
DA:197,1
DA:198,0
DA:199,0
DA:200,0
DA:201,1
DA:202,1
DA:203,1
DA:204,1
DA:205,1
DA:206,20
DA:207,20
DA:208,20
DA:209,20
DA:210,20
DA:211,1
DA:212,1
DA:213,1
DA:214,1
DA:215,1
DA:216,1
DA:217,11
DA:218,11
DA:219,11
DA:220,11
DA:221,11
DA:222,11
DA:223,11
DA:224,11
DA:225,11
DA:226,0
DA:227,0
DA:228,0
DA:229,11
DA:230,11
DA:231,11
DA:232,1
DA:233,1
DA:234,1
DA:235,1
DA:236,1
DA:237,1
DA:238,1
DA:239,10
DA:240,10
DA:241,10
DA:242,10
DA:243,11
DA:244,10
DA:245,10
DA:246,9
DA:247,9
DA:248,9
DA:249,9
DA:250,11
DA:251,11
DA:252,11
DA:253,11
DA:254,11
DA:255,11
DA:256,11
DA:257,11
DA:258,11
DA:259,11
DA:260,11
DA:261,11
DA:262,11
DA:263,9
DA:264,9
DA:265,9
DA:266,9
DA:267,10
DA:268,11
DA:269,0
DA:270,0
DA:271,0
DA:272,0
DA:273,0
DA:274,10
DA:275,10
DA:276,10
DA:277,10
DA:278,11
DA:279,10
DA:280,10
DA:281,10
DA:282,1
DA:283,1
DA:284,1
DA:285,1
DA:286,1
DA:287,0
DA:288,0
DA:289,0
DA:290,1
DA:291,1
DA:292,1
DA:293,1
DA:294,1
DA:295,11
DA:296,11
DA:297,11
DA:298,11
DA:299,11
DA:300,11
DA:301,11
DA:302,11
DA:303,11
DA:304,11
DA:305,11
DA:306,11
DA:307,11
DA:308,11
DA:309,11
DA:310,11
DA:311,11
DA:312,0
DA:313,0
DA:314,0
DA:315,1
DA:316,1
DA:317,1
DA:318,1
DA:319,1
DA:320,13
DA:321,13
DA:322,13
DA:323,13
DA:324,1
DA:325,1
DA:326,12
DA:327,12
DA:328,12
DA:329,12
DA:330,13
DA:331,1
DA:332,1
DA:333,11
DA:334,11
DA:335,11
DA:336,11
DA:337,13
DA:338,0
DA:339,0
DA:340,11
DA:341,11
DA:342,11
DA:343,11
DA:344,11
DA:345,13
DA:346,1
DA:347,1
DA:348,10
DA:349,10
DA:350,10
DA:351,10
DA:352,10
DA:353,1
DA:354,1
DA:355,1
DA:356,1
DA:357,1
DA:358,10
DA:359,10
DA:360,10
DA:361,10
DA:362,10
DA:363,10
DA:364,10
DA:365,10
DA:366,10
DA:367,10
DA:368,10
DA:369,10
DA:370,3
DA:371,3
DA:372,3
DA:373,10
DA:374,10
DA:375,10
DA:376,10
DA:377,10
DA:378,10
DA:379,10
DA:380,10
DA:381,10
DA:382,10
DA:383,10
DA:384,10
DA:385,10
DA:386,1
DA:387,1
DA:388,1
DA:389,1
DA:390,1
DA:391,1
DA:392,1
DA:393,1
DA:394,1
DA:395,1
DA:396,8
DA:397,8
DA:398,8
DA:399,1
DA:400,1
DA:401,1
DA:402,1
DA:403,1
DA:404,8
DA:405,8
DA:406,8
DA:407,1
DA:408,1
DA:409,1
DA:410,1
DA:411,1
DA:412,0
DA:413,0
DA:414,1
DA:415,1
DA:416,1
DA:417,1
DA:418,1
DA:419,3
DA:420,3
DA:421,3
DA:422,3
DA:423,3
DA:424,3
DA:425,3
DA:426,0
DA:427,0
DA:428,0
DA:429,0
DA:430,0
DA:431,0
DA:432,0
DA:433,3
DA:434,3
DA:435,3
DA:436,3
DA:437,3
DA:438,0
DA:439,0
DA:440,0
DA:441,1
LF:441
LH:398
BRDA:45,0,0,23
BRDA:50,1,0,22
BRDA:57,2,0,21
BRDA:61,3,0,1
BRDA:64,4,0,20
BRDA:68,5,0,1
BRDA:71,6,0,19
BRDA:74,7,0,1
BRDA:77,8,0,18
BRDA:87,9,0,20
BRDA:96,10,0,19
BRDA:100,11,0,1
BRDA:107,12,0,18
BRDA:108,13,0,0
BRDA:109,14,0,0
BRDA:110,15,0,0
BRDA:111,16,0,0
BRDA:135,17,0,5
BRDA:142,18,0,13
BRDA:152,19,0,0
BRDA:152,20,0,0
BRDA:136,21,0,5
BRDA:138,22,0,0
BRDA:180,23,0,21
BRDA:205,24,0,20
BRDA:216,25,0,11
BRDA:225,26,0,0
BRDA:231,27,0,1
BRDA:231,28,0,1
BRDA:231,29,0,1
BRDA:239,30,0,10
BRDA:243,31,0,10
BRDA:243,32,0,10
BRDA:245,33,0,9
BRDA:245,34,0,9
BRDA:249,35,0,11
BRDA:254,36,0,0
BRDA:255,37,0,0
BRDA:256,38,0,0
BRDA:257,39,0,0
BRDA:268,40,0,0
BRDA:274,41,0,10
BRDA:234,42,0,1
BRDA:277,43,0,11
BRDA:294,44,0,11
BRDA:312,45,0,0
BRDA:319,46,0,13
BRDA:323,47,0,1
BRDA:326,48,0,12
BRDA:330,49,0,1
BRDA:330,50,0,1
BRDA:333,51,0,11
BRDA:337,52,0,0
BRDA:340,53,0,11
BRDA:345,54,0,1
BRDA:348,55,0,10
BRDA:357,56,0,10
BRDA:369,57,0,3
BRDA:392,58,0,8
BRDA:395,59,0,8
BRDA:403,60,0,8
BRDA:418,61,0,3
BRDA:425,62,0,0
BRDA:435,63,0,2
BRDA:435,64,0,1
BRDA:438,65,0,0
BRF:66
BRH:49
end_of_record
TN:
SF:src\ui\pipeline-codelens-provider.ts
FN:46,<instance_members_initializer>
FN:53,setWorkflowRoot
FN:60,refresh
FN:67,provideCodeLenses
FN:150,createSummaryLens
FN:173,createEntryLens
FN:208,findStagePosition
FN:235,createStageInfoLens
FN:262,createGotoLenses
FN:310,extractTargetStage
FNF:10
FNH:10
FNDA:32,<instance_members_initializer>
FNDA:29,setWorkflowRoot
FNDA:1,refresh
FNDA:24,provideCodeLenses
FNDA:17,createSummaryLens
FNDA:17,createEntryLens
FNDA:26,findStagePosition
FNDA:26,createStageInfoLens
FNDA:26,createGotoLenses
FNDA:66,extractTargetStage
DA:1,1
DA:2,1
DA:3,1
DA:4,1
DA:5,1
DA:6,1
DA:7,1
DA:8,1
DA:9,1
DA:10,1
DA:11,1
DA:12,1
DA:13,1
DA:14,1
DA:15,1
DA:16,1
DA:17,1
DA:18,1
DA:19,1
DA:20,1
DA:21,1
DA:22,1
DA:23,1
DA:24,1
DA:25,1
DA:26,1
DA:27,1
DA:28,1
DA:29,1
DA:30,1
DA:31,1
DA:32,1
DA:33,1
DA:34,1
DA:35,1
DA:36,1
DA:37,1
DA:38,1
DA:39,1
DA:40,1
DA:41,1
DA:42,1
DA:43,1
DA:44,1
DA:45,1
DA:46,1
DA:47,32
DA:48,1
DA:49,1
DA:50,1
DA:51,1
DA:52,1
DA:53,1
DA:54,29
DA:55,29
DA:56,1
DA:57,1
DA:58,1
DA:59,1
DA:60,1
DA:61,1
DA:62,1
DA:63,1
DA:64,1
DA:65,1
DA:66,1
DA:67,1
DA:68,24
DA:69,3
DA:70,3
DA:71,21
DA:72,21
DA:73,24
DA:74,2
DA:75,2
DA:76,19
DA:77,19
DA:78,19
DA:79,19
DA:80,19
DA:81,19
DA:82,19
DA:83,24
DA:84,1
DA:85,1
DA:86,17
DA:87,17
DA:88,17
DA:89,17
DA:90,17
DA:91,17
DA:92,17
DA:93,17
DA:94,17
DA:95,17
DA:96,24
DA:97,0
DA:98,0
DA:99,17
DA:100,17
DA:101,17
DA:102,17
DA:103,17
DA:104,17
DA:105,24
DA:106,11
DA:107,11
DA:108,17
DA:109,17
DA:110,17
DA:111,26
DA:112,26
DA:113,0
DA:114,0
DA:115,26
DA:116,26
DA:117,26
DA:118,26
DA:119,0
DA:120,0
DA:121,26
DA:122,26
DA:123,26
DA:124,26
DA:125,26
DA:126,26
DA:127,26
DA:128,26
DA:129,26
DA:130,26
DA:131,26
DA:132,26
DA:133,26
DA:134,26
DA:135,26
DA:136,26
DA:137,17
DA:138,24
DA:139,1
DA:140,1
DA:141,1
DA:142,18
DA:143,18
DA:144,18
DA:145,1
DA:146,1
DA:147,1
DA:148,1
DA:149,1
DA:150,1
DA:151,17
DA:152,17
DA:153,17
DA:154,17
DA:155,17
DA:156,17
DA:157,17
DA:158,17
DA:159,17
DA:160,17
DA:161,17
DA:162,17
DA:163,17
DA:164,17
DA:165,17
DA:166,17
DA:167,17
DA:168,1
DA:169,1
DA:170,1
DA:171,1
DA:172,1
DA:173,1
DA:174,17
DA:175,17
DA:176,17
DA:177,17
DA:178,17
DA:179,6
DA:180,6
DA:181,11
DA:182,11
DA:183,11
DA:184,17
DA:185,0
DA:186,0
DA:187,11
DA:188,11
DA:189,17
DA:190,17
DA:191,17
DA:192,17
DA:193,17
DA:194,17
DA:195,17
DA:196,17
DA:197,17
DA:198,17
DA:199,17
DA:200,17
DA:201,17
DA:202,17
DA:203,1
DA:204,1
DA:205,1
DA:206,1
DA:207,1
DA:208,1
DA:209,26
DA:210,26
DA:211,26
DA:212,26
DA:213,26
DA:214,26
DA:215,26
DA:216,26
DA:217,26
DA:218,26
DA:219,26
DA:220,26
DA:221,0
DA:222,0
DA:223,26
DA:224,26
DA:225,26
DA:226,26
DA:227,26
DA:228,26
DA:229,26
DA:230,1
DA:231,1
DA:232,1
DA:233,1
DA:234,1
DA:235,1
DA:236,26
DA:237,26
DA:238,26
DA:239,26
DA:240,26
DA:241,26
DA:242,26
DA:243,26
DA:244,26
DA:245,26
DA:246,26
DA:247,26
DA:248,26
DA:249,26
DA:250,26
DA:251,26
DA:252,26
DA:253,26
DA:254,26
DA:255,26
DA:256,26
DA:257,1
DA:258,1
DA:259,1
DA:260,1
DA:261,1
DA:262,1
DA:263,26
DA:264,26
DA:265,26
DA:266,26
DA:267,26
DA:268,26
DA:269,26
DA:270,4
DA:271,4
DA:272,22
DA:273,22
DA:274,22
DA:275,22
DA:276,22
DA:277,22
DA:278,44
DA:279,44
DA:280,44
DA:281,44
DA:282,22
DA:283,22
DA:284,26
DA:285,0
DA:286,0
DA:287,22
DA:288,22
DA:289,22
DA:290,22
DA:291,22
DA:292,22
DA:293,22
DA:294,22
DA:295,22
DA:296,26
DA:297,26
DA:298,26
DA:299,26
DA:300,26
DA:301,26
DA:302,26
DA:303,1
DA:304,1
DA:305,1
DA:306,1
DA:307,1
DA:308,1
DA:309,1
DA:310,1
DA:311,66
DA:312,48
DA:313,48
DA:314,18
DA:315,66
DA:316,18
DA:317,18
DA:318,0
DA:319,0
DA:320,0
DA:321,1
LF:321
LH:306
BRDA:46,0,0,32
BRDA:53,1,0,29
BRDA:60,2,0,1
BRDA:67,3,0,24
BRDA:68,4,0,3
BRDA:71,5,0,21
BRDA:73,6,0,2
BRDA:76,7,0,19
BRDA:83,8,0,18
BRDA:83,9,0,1
BRDA:86,10,0,17
BRDA:96,11,0,0
BRDA:99,12,0,17
BRDA:105,13,0,11
BRDA:108,14,0,17
BRDA:138,15,0,1
BRDA:142,16,0,18
BRDA:110,17,0,26
BRDA:112,18,0,0
BRDA:118,19,0,0
BRDA:150,20,0,17
BRDA:153,21,0,2
BRDA:154,22,0,7
BRDA:155,23,0,5
BRDA:156,24,0,0
BRDA:157,25,0,6
BRDA:173,26,0,17
BRDA:178,27,0,6
BRDA:181,28,0,11
BRDA:184,29,0,0
BRDA:187,30,0,11
BRDA:189,31,0,0
BRDA:208,32,0,26
BRDA:220,33,0,0
BRDA:226,34,0,0
BRDA:235,35,0,26
BRDA:244,36,0,1
BRDA:244,37,0,1
BRDA:245,38,0,4
BRDA:262,39,0,26
BRDA:269,40,0,4
BRDA:272,41,0,22
BRDA:284,42,0,0
BRDA:287,43,0,22
BRDA:296,44,0,0
BRDA:277,45,0,44
BRDA:310,46,0,66
BRDA:311,47,0,48
BRDA:314,48,0,18
BRDA:315,49,0,18
BRDA:316,50,0,0
BRDA:318,51,0,0
BRF:52
BRH:40
end_of_record
TN:
SF:src\ui\pipeline-log-parser.ts
FN:42,<instance_members_initializer>
FN:57,parse
FN:147,parseLegacy
FN:192,updateState
FN:224,getCurrentStage
FN:229,getCurrentAgent
FN:234,getCurrentSkill
FN:239,getCurrentTicket
FN:244,getCurrentAttempt
FN:249,getCurrentMaxAttempts
FN:254,getElapsed
FN:259,getTicketStatusHistory
FN:264,getCurrentOutputLines
FN:269,getCurrentStageReport
FN:274,getCurrentRunPlanId
FN:279,reset
FNF:16
FNH:16
FNDA:70,<instance_members_initializer>
FNDA:43,parse
FNDA:12,parseLegacy
FNDA:15,updateState
FNDA:3,getCurrentStage
FNDA:2,getCurrentAgent
FNDA:2,getCurrentSkill
FNDA:2,getCurrentTicket
FNDA:2,getCurrentAttempt
FNDA:2,getCurrentMaxAttempts
FNDA:2,getElapsed
FNDA:5,getTicketStatusHistory
FNDA:2,getCurrentOutputLines
FNDA:3,getCurrentStageReport
FNDA:2,getCurrentRunPlanId
FNDA:1,reset
DA:1,1
DA:2,1
DA:3,1
DA:4,1
DA:5,1
DA:6,1
DA:7,1
DA:8,1
DA:9,1
DA:10,1
DA:11,1
DA:12,1
DA:13,1
DA:14,1
DA:15,1
DA:16,1
DA:17,1
DA:18,1
DA:19,1
DA:20,1
DA:21,1
DA:22,1
DA:23,1
DA:24,1
DA:25,1
DA:26,1
DA:27,1
DA:28,1
DA:29,1
DA:30,1
DA:31,1
DA:32,1
DA:33,1
DA:34,1
DA:35,1
DA:36,1
DA:37,1
DA:38,1
DA:39,1
DA:40,1
DA:41,1
DA:42,1
DA:43,70
DA:44,70
DA:45,70
DA:46,70
DA:47,70
DA:48,70
DA:49,70
DA:50,70
DA:51,70
DA:52,1
DA:53,1
DA:54,1
DA:55,1
DA:56,1
DA:57,1
DA:58,43
DA:59,43
DA:60,43
DA:61,43
DA:62,43
DA:63,31
DA:64,31
DA:65,31
DA:66,31
DA:67,31
DA:68,31
DA:69,43
DA:70,43
DA:71,5
DA:72,5
DA:73,5
DA:74,5
DA:75,2
DA:76,2
DA:77,2
DA:78,2
DA:79,2
DA:80,2
DA:81,5
DA:82,5
DA:83,5
DA:84,26
DA:85,26
DA:86,26
DA:87,43
DA:88,4
DA:89,4
DA:90,4
DA:91,4
DA:92,4
DA:93,4
DA:94,22
DA:95,22
DA:96,22
DA:97,43
DA:98,2
DA:99,2
DA:100,2
DA:101,2
DA:102,2
DA:103,2
DA:104,20
DA:105,20
DA:106,20
DA:107,43
DA:108,8
DA:109,8
DA:110,8
DA:111,8
DA:112,8
DA:113,8
DA:114,8
DA:115,8
DA:116,8
DA:117,12
DA:118,12
DA:119,12
DA:120,43
DA:121,2
DA:122,2
DA:123,2
DA:124,2
DA:125,10
DA:126,10
DA:127,10
DA:128,43
DA:129,9
DA:130,9
DA:131,43
DA:132,7
DA:133,7
DA:134,7
DA:135,43
DA:136,2
DA:137,2
DA:138,43
DA:139,1
DA:140,1
DA:141,2
DA:142,2
DA:143,1
DA:144,1
DA:145,1
DA:146,1
DA:147,1
DA:148,12
DA:149,12
DA:150,12
DA:151,1
DA:152,1
DA:153,1
DA:154,1
DA:155,1
DA:156,1
DA:157,1
DA:158,1
DA:159,12
DA:160,12
DA:161,1
DA:162,1
DA:163,1
DA:164,1
DA:165,1
DA:166,1
DA:167,1
DA:168,1
DA:169,1
DA:170,1
DA:171,1
DA:172,12
DA:173,12
DA:174,1
DA:175,1
DA:176,1
DA:177,1
DA:178,1
DA:179,12
DA:180,12
DA:181,12
DA:182,12
DA:183,12
DA:184,12
DA:185,12
DA:186,12
DA:187,12
DA:188,1
DA:189,1
DA:190,1
DA:191,1
DA:192,1
DA:193,15
DA:194,1
DA:195,1
DA:196,1
DA:197,1
DA:198,15
DA:199,2
DA:200,2
DA:201,2
DA:202,2
DA:203,15
DA:204,1
DA:205,1
DA:206,1
DA:207,1
DA:208,15
DA:209,6
DA:210,6
DA:211,5
DA:212,5
DA:213,6
DA:214,15
DA:215,1
DA:216,1
DA:217,15
DA:218,15
DA:219,15
DA:220,1
DA:221,1
DA:222,1
DA:223,1
DA:224,1
DA:225,1
DA:226,1
DA:227,1
DA:228,1
DA:229,1
DA:230,1
DA:231,1
DA:232,1
DA:233,1
DA:234,1
DA:235,1
DA:236,1
DA:237,1
DA:238,1
DA:239,1
DA:240,1
DA:241,1
DA:242,1
DA:243,1
DA:244,1
DA:245,1
DA:246,1
DA:247,1
DA:248,1
DA:249,1
DA:250,1
DA:251,1
DA:252,1
DA:253,1
DA:254,1
DA:255,1
DA:256,1
DA:257,1
DA:258,1
DA:259,1
DA:260,1
DA:261,1
DA:262,1
DA:263,1
DA:264,1
DA:265,1
DA:266,1
DA:267,1
DA:268,1
DA:269,1
DA:270,1
DA:271,1
DA:272,1
DA:273,1
DA:274,1
DA:275,1
DA:276,1
DA:277,1
DA:278,1
DA:279,1
DA:280,1
DA:281,1
DA:282,1
DA:283,1
DA:284,1
DA:285,1
DA:286,1
DA:287,1
DA:288,1
DA:289,1
DA:290,1
DA:291,1
DA:292,1
LF:292
LH:292
BRDA:42,0,0,70
BRDA:57,1,0,43
BRDA:62,2,0,12
BRDA:63,3,0,31
BRDA:68,4,0,29
BRDA:70,5,0,5
BRDA:74,6,0,2
BRDA:79,7,0,0
BRDA:81,8,0,0
BRDA:81,9,0,2
BRDA:81,10,0,3
BRDA:84,11,0,26
BRDA:87,12,0,5
BRDA:87,13,0,2
BRDA:87,14,0,1
BRDA:87,15,0,4
BRDA:89,16,0,3
BRDA:91,17,0,3
BRDA:94,18,0,22
BRDA:97,19,0,2
BRDA:104,20,0,20
BRDA:107,21,0,8
BRDA:117,22,0,12
BRDA:120,23,0,2
BRDA:125,24,0,10
BRDA:128,25,0,1
BRDA:129,26,0,9
BRDA:131,27,0,2
BRDA:132,28,0,7
BRDA:135,29,0,5
BRDA:136,30,0,2
BRDA:138,31,0,1
BRDA:138,32,0,1
BRDA:138,33,0,1
BRDA:141,34,0,2
BRDA:147,35,0,12
BRDA:150,36,0,1
BRDA:156,37,0,0
BRDA:160,38,0,1
BRDA:173,39,0,1
BRDA:181,40,0,1
BRDA:184,41,0,1
BRDA:184,42,0,0
BRDA:192,43,0,15
BRDA:193,44,0,1
BRDA:196,45,0,0
BRDA:198,46,0,2
BRDA:203,47,0,1
BRDA:208,48,0,6
BRDA:208,49,0,6
BRDA:210,50,0,5
BRDA:214,51,0,1
BRDA:214,52,0,1
BRDA:217,53,0,1
BRDA:218,54,0,3
BRDA:224,55,0,3
BRDA:229,56,0,2
BRDA:234,57,0,2
BRDA:239,58,0,2
BRDA:244,59,0,2
BRDA:249,60,0,2
BRDA:254,61,0,2
BRDA:259,62,0,5
BRDA:264,63,0,2
BRDA:269,64,0,3
BRDA:274,65,0,2
BRDA:279,66,0,1
BRF:67
BRH:62
end_of_record
TN:
SF:src\ui\utils.ts
FN:12,extractPlanId
FN:22,getReviewCacheKey
FN:42,getReviewBadges
FN:75,clearReviewBadgesCache
FN:82,getReviewBadgesCacheStats
FNF:5
FNH:5
FNDA:19,extractPlanId
FNDA:199,getReviewCacheKey
FNDA:199,getReviewBadges
FNDA:2,clearReviewBadgesCache
FNDA:2,getReviewBadgesCacheStats
DA:1,1
DA:2,1
DA:3,1
DA:4,1
DA:5,1
DA:6,1
DA:7,1
DA:8,1
DA:9,1
DA:10,1
DA:11,1
DA:12,19
DA:13,19
DA:14,19
DA:15,19
DA:16,19
DA:17,1
DA:18,1
DA:19,1
DA:20,1
DA:21,1
DA:22,199
DA:23,199
DA:24,187
DA:25,187
DA:26,12
DA:27,12
DA:28,12
DA:29,1
DA:30,1
DA:31,1
DA:32,1
DA:33,1
DA:34,1
DA:35,1
DA:36,1
DA:37,1
DA:38,1
DA:39,1
DA:40,1
DA:41,1
DA:42,199
DA:43,199
DA:44,199
DA:45,199
DA:46,199
DA:47,187
DA:48,187
DA:49,12
DA:50,199
DA:51,2
DA:52,2
DA:53,2
DA:54,10
DA:55,10
DA:56,10
DA:57,10
DA:58,10
DA:59,199
DA:60,4
DA:61,4
DA:62,10
DA:63,199
DA:64,28
DA:65,28
DA:66,10
DA:67,10
DA:68,10
DA:69,10
DA:70,1
DA:71,1
DA:72,1
DA:73,1
DA:74,1
DA:75,2
DA:76,2
DA:77,2
DA:78,1
DA:79,1
DA:80,1
DA:81,1
DA:82,2
DA:83,2
DA:84,2
DA:85,2
DA:86,2
DA:87,2
DA:88,2
DA:89,2
LF:89
LH:89
BRDA:12,0,0,19
BRDA:13,1,0,2
BRDA:14,2,0,17
BRDA:14,3,0,0
BRDA:22,4,0,199
BRDA:23,5,0,13
BRDA:23,6,0,187
BRDA:26,7,0,12
BRDA:27,8,0,45
BRDA:42,9,0,199
BRDA:46,10,0,187
BRDA:49,11,0,12
BRDA:50,12,0,10
BRDA:50,13,0,2
BRDA:54,14,0,10
BRDA:59,15,0,4
BRDA:62,16,0,10
BRDA:63,17,0,28
BRDA:66,18,0,10
BRDA:75,19,0,2
BRDA:82,20,0,2
BRF:21
BRH:20
end_of_record
TN:
SF:src\utils\path-utils.ts
FN:4,getWorkflowRoot
FN:8,getTicketPath
FN:13,getTicketsDir
FN:17,getPlanPath
FN:22,getPipelineConfigPath
FN:26,getReportsDir
FNF:6
FNH:6
FNDA:17,getWorkflowRoot
FNDA:12,getTicketPath
FNDA:859,getTicketsDir
FNDA:12,getPlanPath
FNDA:12,getPipelineConfigPath
FNDA:144,getReportsDir
DA:1,1
DA:2,1
DA:3,1
DA:4,17
DA:5,17
DA:6,17
DA:7,1
DA:8,12
DA:9,12
DA:10,12
DA:11,12
DA:12,1
DA:13,859
DA:14,859
DA:15,859
DA:16,1
DA:17,12
DA:18,12
DA:19,12
DA:20,12
DA:21,1
DA:22,12
DA:23,12
DA:24,12
DA:25,1
DA:26,144
DA:27,144
DA:28,144
LF:28
LH:28
BRDA:4,0,0,17
BRDA:8,1,0,12
BRDA:13,2,0,859
BRDA:17,3,0,12
BRDA:22,4,0,12
BRDA:26,5,0,144
BRF:6
BRH:6
end_of_record
TN:
SF:src\utils\ticket-utils.ts
FN:8,getTicketIcon
FNF:1
FNH:1
FNDA:111,getTicketIcon
DA:1,1
DA:2,1
DA:3,1
DA:4,1
DA:5,1
DA:6,1
DA:7,1
DA:8,111
DA:9,111
DA:10,111
DA:11,9
DA:12,111
DA:13,13
DA:14,102
DA:15,82
DA:16,89
DA:17,7
DA:18,7
DA:19,111
LF:19
LH:19
BRDA:8,0,0,111
BRDA:10,1,0,9
BRDA:12,2,0,102
BRDA:12,3,0,13
BRDA:14,4,0,89
BRDA:14,5,0,82
BRDA:16,6,0,7
BRF:7
BRH:7
end_of_record
TN:
SF:src\utils\tooltip-utils.ts
FN:30,buildTicketTooltip
FN:81,buildPlanTooltip
FN:114,parseMarkdownFrontmatter
FNF:3
FNH:3
FNDA:108,buildTicketTooltip
FNDA:5,buildPlanTooltip
FNDA:4,parseMarkdownFrontmatter
DA:1,1
DA:2,1
DA:3,1
DA:4,1
DA:5,1
DA:6,1
DA:7,1
DA:8,1
DA:9,1
DA:10,1
DA:11,1
DA:12,1
DA:13,1
DA:14,1
DA:15,1
DA:16,1
DA:17,1
DA:18,1
DA:19,1
DA:20,1
DA:21,1
DA:22,1
DA:23,1
DA:24,1
DA:25,1
DA:26,1
DA:27,1
DA:28,1
DA:29,1
DA:30,108
DA:31,108
DA:32,108
DA:33,108
DA:34,108
DA:35,108
DA:36,108
DA:37,108
DA:38,108
DA:39,108
DA:40,108
DA:41,108
DA:42,108
DA:43,108
DA:44,108
DA:45,108
DA:46,108
DA:47,108
DA:48,108
DA:49,108
DA:50,2
DA:51,2
DA:52,2
DA:53,108
DA:54,108
DA:55,41
DA:56,41
DA:57,108
DA:58,108
DA:59,108
DA:60,2
DA:61,2
DA:62,108
DA:63,108
DA:64,108
DA:65,3
DA:66,3
DA:67,3
DA:68,10
DA:69,10
DA:70,3
DA:71,108
DA:72,108
DA:73,108
DA:74,1
DA:75,1
DA:76,1
DA:77,1
DA:78,1
DA:79,1
DA:80,1
DA:81,5
DA:82,5
DA:83,5
DA:84,5
DA:85,5
DA:86,5
DA:87,5
DA:88,5
DA:89,5
DA:90,5
DA:91,5
DA:92,5
DA:93,5
DA:94,5
DA:95,5
DA:96,5
DA:97,5
DA:98,1
DA:99,1
DA:100,5
DA:101,5
DA:102,1
DA:103,1
DA:104,5
DA:105,5
DA:106,5
DA:107,1
DA:108,1
DA:109,1
DA:110,1
DA:111,1
DA:112,1
DA:113,1
DA:114,4
DA:115,4
DA:116,4
LF:116
LH:116
BRDA:30,0,0,108
BRDA:43,1,0,0
BRDA:49,2,0,2
BRDA:54,3,0,41
BRDA:59,4,0,2
BRDA:64,5,0,3
BRDA:64,6,0,3
BRDA:67,7,0,10
BRDA:81,8,0,5
BRDA:97,9,0,1
BRDA:101,10,0,1
BRDA:114,11,0,4
BRF:12
BRH:11
end_of_record
TN:
SF:src\utils\tree-item-cache.ts
FN:17,<instance_members_initializer>
FN:27,TreeItemCache
FN:39,get
FN:61,set
FN:88,has
FN:97,delete
FN:113,invalidateByPrefix
FN:128,clear
FN:136,get size
FN:144,getStats
FN:164,resetStats
FNF:11
FNH:11
FNDA:38,<instance_members_initializer>
FNDA:38,TreeItemCache
FNDA:264,get
FNDA:2672,set
FNDA:319,has
FNDA:78,delete
FNDA:81,invalidateByPrefix
FNDA:300,clear
FNDA:7,get size
FNDA:8,getStats
FNDA:1,resetStats
DA:1,1
DA:2,1
DA:3,1
DA:4,1
DA:5,1
DA:6,1
DA:7,1
DA:8,1
DA:9,1
DA:10,1
DA:11,1
DA:12,1
DA:13,1
DA:14,1
DA:15,1
DA:16,1
DA:17,1
DA:18,38
DA:19,38
DA:20,38
DA:21,1
DA:22,1
DA:23,1
DA:24,1
DA:25,1
DA:26,1
DA:27,1
DA:28,38
DA:29,38
DA:30,38
DA:31,38
DA:32,1
DA:33,1
DA:34,1
DA:35,1
DA:36,1
DA:37,1
DA:38,1
DA:39,1
DA:40,264
DA:41,264
DA:42,245
DA:43,245
DA:44,245
DA:45,245
DA:46,245
DA:47,245
DA:48,245
DA:49,264
DA:50,19
DA:51,19
DA:52,264
DA:53,264
DA:54,1
DA:55,1
DA:56,1
DA:57,1
DA:58,1
DA:59,1
DA:60,1
DA:61,1
DA:62,2672
DA:63,2672
DA:64,1
DA:65,1
DA:66,1
DA:67,1
DA:68,1
DA:69,1
DA:70,2672
DA:71,2671
DA:72,2671
DA:73,507
DA:74,507
DA:75,507
DA:76,507
DA:77,507
DA:78,2671
DA:79,2671
DA:80,2671
DA:81,2672
DA:82,1
DA:83,1
DA:84,1
DA:85,1
DA:86,1
DA:87,1
DA:88,1
DA:89,319
DA:90,319
DA:91,1
DA:92,1
DA:93,1
DA:94,1
DA:95,1
DA:96,1
DA:97,1
DA:98,78
DA:99,78
DA:100,77
DA:101,77
DA:102,77
DA:103,77
DA:104,77
DA:105,78
DA:106,78
DA:107,1
DA:108,1
DA:109,1
DA:110,1
DA:111,1
DA:112,1
DA:113,1
DA:114,81
DA:115,81
DA:116,849
DA:117,64
DA:118,64
DA:119,849
DA:120,81
DA:121,64
DA:122,64
DA:123,81
DA:124,1
DA:125,1
DA:126,1
DA:127,1
DA:128,1
DA:129,300
DA:130,300
DA:131,300
DA:132,1
DA:133,1
DA:134,1
DA:135,1
DA:136,1
DA:137,7
DA:138,7
DA:139,1
DA:140,1
DA:141,1
DA:142,1
DA:143,1
DA:144,1
DA:145,8
DA:146,8
DA:147,8
DA:148,8
DA:149,8
DA:150,8
DA:151,8
DA:152,8
DA:153,8
DA:154,8
DA:155,8
DA:156,8
DA:157,8
DA:158,8
DA:159,8
DA:160,1
DA:161,1
DA:162,1
DA:163,1
DA:164,1
DA:165,1
DA:166,1
DA:167,1
DA:168,1
LF:168
LH:168
BRDA:17,0,0,38
BRDA:27,1,0,38
BRDA:39,2,0,264
BRDA:41,3,0,245
BRDA:49,4,0,19
BRDA:61,5,0,2672
BRDA:63,6,0,1
BRDA:70,7,0,2671
BRDA:72,8,0,507
BRDA:88,9,0,319
BRDA:97,10,0,78
BRDA:99,11,0,77
BRDA:113,12,0,81
BRDA:115,13,0,849
BRDA:116,14,0,64
BRDA:120,15,0,64
BRDA:128,16,0,300
BRDA:136,17,0,7
BRDA:144,18,0,8
BRDA:157,19,0,3
BRDA:157,20,0,5
BRDA:164,21,0,1
BRF:22
BRH:22
end_of_record
TN:
SF:src\utils\yaml-utils.ts
FN:19,safeLoad
FN:30,safeDump
FNF:2
FNH:2
FNDA:669,safeLoad
FNDA:7,safeDump
DA:1,1
DA:2,1
DA:3,1
DA:4,1
DA:5,1
DA:6,1
DA:7,1
DA:8,1
DA:9,1
DA:10,1
DA:11,1
DA:12,1
DA:13,1
DA:14,1
DA:15,1
DA:16,1
DA:17,1
DA:18,1
DA:19,669
DA:20,669
DA:21,669
DA:22,1
DA:23,1
DA:24,1
DA:25,1
DA:26,1
DA:27,1
DA:28,1
DA:29,1
DA:30,7
DA:31,7
DA:32,7
DA:33,7
DA:34,7
DA:35,7
DA:36,7
DA:37,7
DA:38,7
DA:39,7
DA:40,7
DA:41,7
LF:41
LH:41
BRDA:19,0,0,669
BRDA:30,1,0,7
BRF:2
BRH:2
end_of_record
